<?xml version="1.0" encoding="UTF-8" standalone="yes"?><!DOCTYPE report PUBLIC "-//JACOCO//DTD Report 1.1//EN" "report.dtd"><report name="Joda-Money"><sessioninfo id="fv-az1979-922-edd8abe" start="1741563426766" dump="1741563429784"/><package name="org/joda/money/format"><class name="org/joda/money/format/MoneyFormatterBuilder$Singletons" sourcefilename="MoneyFormatterBuilder.java"><method name="&lt;init&gt;" desc="(Ljava/lang/String;ILjava/lang/String;)V" line="382"><counter type="INSTRUCTION" missed="0" covered="8"/><counter type="LINE" missed="0" covered="3"/><counter type="COMPLEXITY" missed="0" covered="1"/><counter type="METHOD" missed="0" covered="1"/></method><method name="toString" desc="()Ljava/lang/String;" line="388"><counter type="INSTRUCTION" missed="0" covered="3"/><counter type="LINE" missed="0" covered="1"/><counter type="COMPLEXITY" missed="0" covered="1"/><counter type="METHOD" missed="0" covered="1"/></method><method name="&lt;clinit&gt;" desc="()V" line="309"><counter type="INSTRUCTION" missed="0" covered="24"/><counter type="LINE" missed="0" covered="4"/><counter type="COMPLEXITY" missed="0" covered="1"/><counter type="METHOD" missed="0" covered="1"/></method><counter type="INSTRUCTION" missed="0" covered="35"/><counter type="LINE" missed="0" covered="8"/><counter type="COMPLEXITY" missed="0" covered="3"/><counter type="METHOD" missed="0" covered="3"/><counter type="CLASS" missed="0" covered="1"/></class><class name="org/joda/money/format/MoneyFormatException" sourcefilename="MoneyFormatException.java"><method name="&lt;init&gt;" desc="(Ljava/lang/String;)V" line="36"><counter type="INSTRUCTION" missed="0" covered="4"/><counter type="LINE" missed="0" covered="2"/><counter type="COMPLEXITY" missed="0" covered="1"/><counter type="METHOD" missed="0" covered="1"/></method><method name="&lt;init&gt;" desc="(Ljava/lang/String;Ljava/lang/Throwable;)V" line="46"><counter type="INSTRUCTION" missed="0" covered="5"/><counter type="LINE" missed="0" covered="2"/><counter type="COMPLEXITY" missed="0" covered="1"/><counter type="METHOD" missed="0" covered="1"/></method><method name="rethrowIOException" desc="()V" line="69"><counter type="INSTRUCTION" missed="0" covered="9"/><counter type="BRANCH" missed="0" covered="2"/><counter type="LINE" missed="0" covered="3"/><counter type="COMPLEXITY" missed="0" covered="2"/><counter type="METHOD" missed="0" covered="1"/></method><counter type="INSTRUCTION" missed="0" covered="18"/><counter type="BRANCH" missed="0" covered="2"/><counter type="LINE" missed="0" covered="7"/><counter type="COMPLEXITY" missed="0" covered="4"/><counter type="METHOD" missed="0" covered="3"/><counter type="CLASS" missed="0" covered="1"/></class><class name="org/joda/money/format/MoneyFormatterBuilder$Singletons$2" sourcefilename="MoneyFormatterBuilder.java"><method name="&lt;init&gt;" desc="(Ljava/lang/String;ILjava/lang/String;)V" line="332"><counter type="INSTRUCTION" missed="0" covered="6"/><counter type="LINE" missed="0" covered="1"/><counter type="COMPLEXITY" missed="0" covered="1"/><counter type="METHOD" missed="0" covered="1"/></method><method name="print" desc="(Lorg/joda/money/format/MoneyPrintContext;Ljava/lang/Appendable;Lorg/joda/money/BigMoney;)V" line="335"><counter type="INSTRUCTION" missed="0" covered="7"/><counter type="LINE" missed="0" covered="2"/><counter type="COMPLEXITY" missed="0" covered="1"/><counter type="METHOD" missed="0" covered="1"/></method><method name="parse" desc="(Lorg/joda/money/format/MoneyParseContext;)V" line="340"><counter type="INSTRUCTION" missed="0" covered="30"/><counter type="BRANCH" missed="0" covered="2"/><counter type="LINE" missed="0" covered="10"/><counter type="COMPLEXITY" missed="0" covered="2"/><counter type="METHOD" missed="0" covered="1"/></method><counter type="INSTRUCTION" missed="0" covered="43"/><counter type="BRANCH" missed="0" covered="2"/><counter type="LINE" missed="0" covered="13"/><counter type="COMPLEXITY" missed="0" covered="4"/><counter type="METHOD" missed="0" covered="3"/><counter type="CLASS" missed="0" covered="1"/></class><class name="org/joda/money/format/LiteralPrinterParser" sourcefilename="LiteralPrinterParser.java"><method name="&lt;init&gt;" desc="(Ljava/lang/String;)V" line="40"><counter type="INSTRUCTION" missed="0" covered="6"/><counter type="LINE" missed="0" covered="3"/><counter type="COMPLEXITY" missed="0" covered="1"/><counter type="METHOD" missed="0" covered="1"/></method><method name="print" desc="(Lorg/joda/money/format/MoneyPrintContext;Ljava/lang/Appendable;Lorg/joda/money/BigMoney;)V" line="47"><counter type="INSTRUCTION" missed="0" covered="6"/><counter type="LINE" missed="0" covered="2"/><counter type="COMPLEXITY" missed="0" covered="1"/><counter type="METHOD" missed="0" covered="1"/></method><method name="parse" desc="(Lorg/joda/money/format/MoneyParseContext;)V" line="52"><counter type="INSTRUCTION" missed="0" covered="27"/><counter type="BRANCH" missed="0" covered="4"/><counter type="LINE" missed="0" covered="6"/><counter type="COMPLEXITY" missed="0" covered="3"/><counter type="METHOD" missed="0" covered="1"/></method><method name="toString" desc="()Ljava/lang/String;" line="63"><counter type="INSTRUCTION" missed="0" covered="4"/><counter type="LINE" missed="0" covered="1"/><counter type="COMPLEXITY" missed="0" covered="1"/><counter type="METHOD" missed="0" covered="1"/></method><counter type="INSTRUCTION" missed="0" covered="43"/><counter type="BRANCH" missed="0" covered="4"/><counter type="LINE" missed="0" covered="12"/><counter type="COMPLEXITY" missed="0" covered="6"/><counter type="METHOD" missed="0" covered="4"/><counter type="CLASS" missed="0" covered="1"/></class><class name="org/joda/money/format/MoneyFormatterBuilder" sourcefilename="MoneyFormatterBuilder.java"><method name="&lt;init&gt;" desc="()V" line="39"><counter type="INSTRUCTION" missed="0" covered="13"/><counter type="LINE" missed="0" covered="4"/><counter type="COMPLEXITY" missed="0" covered="1"/><counter type="METHOD" missed="0" covered="1"/></method><method name="appendAmount" desc="()Lorg/joda/money/format/MoneyFormatterBuilder;" line="62"><counter type="INSTRUCTION" missed="0" covered="10"/><counter type="LINE" missed="0" covered="2"/><counter type="COMPLEXITY" missed="0" covered="1"/><counter type="METHOD" missed="0" covered="1"/></method><method name="appendAmountLocalized" desc="()Lorg/joda/money/format/MoneyFormatterBuilder;" line="75"><counter type="INSTRUCTION" missed="0" covered="10"/><counter type="LINE" missed="0" covered="2"/><counter type="COMPLEXITY" missed="0" covered="1"/><counter type="METHOD" missed="0" covered="1"/></method><method name="appendAmount" desc="(Lorg/joda/money/format/MoneyAmountStyle;)Lorg/joda/money/format/MoneyFormatterBuilder;" line="93"><counter type="INSTRUCTION" missed="0" covered="13"/><counter type="LINE" missed="0" covered="3"/><counter type="COMPLEXITY" missed="0" covered="1"/><counter type="METHOD" missed="0" covered="1"/></method><method name="appendCurrencyCode" desc="()Lorg/joda/money/format/MoneyFormatterBuilder;" line="107"><counter type="INSTRUCTION" missed="0" covered="5"/><counter type="LINE" missed="0" covered="1"/><counter type="COMPLEXITY" missed="0" covered="1"/><counter type="METHOD" missed="0" covered="1"/></method><method name="appendCurrencyNumeric3Code" desc="()Lorg/joda/money/format/MoneyFormatterBuilder;" line="119"><counter type="INSTRUCTION" missed="0" covered="5"/><counter type="LINE" missed="0" covered="1"/><counter type="COMPLEXITY" missed="0" covered="1"/><counter type="METHOD" missed="0" covered="1"/></method><method name="appendCurrencyNumericCode" desc="()Lorg/joda/money/format/MoneyFormatterBuilder;" line="130"><counter type="INSTRUCTION" missed="0" covered="5"/><counter type="LINE" missed="0" covered="1"/><counter type="COMPLEXITY" missed="0" covered="1"/><counter type="METHOD" missed="0" covered="1"/></method><method name="appendCurrencySymbolLocalized" desc="()Lorg/joda/money/format/MoneyFormatterBuilder;" line="144"><counter type="INSTRUCTION" missed="0" covered="5"/><counter type="LINE" missed="0" covered="1"/><counter type="COMPLEXITY" missed="0" covered="1"/><counter type="METHOD" missed="0" covered="1"/></method><method name="appendLiteral" desc="(Ljava/lang/CharSequence;)Lorg/joda/money/format/MoneyFormatterBuilder;" line="157"><counter type="INSTRUCTION" missed="0" covered="18"/><counter type="BRANCH" missed="0" covered="4"/><counter type="LINE" missed="0" covered="4"/><counter type="COMPLEXITY" missed="0" covered="3"/><counter type="METHOD" missed="0" covered="1"/></method><method name="append" desc="(Lorg/joda/money/format/MoneyFormatter;)Lorg/joda/money/format/MoneyFormatterBuilder;" line="176"><counter type="INSTRUCTION" missed="0" covered="9"/><counter type="LINE" missed="0" covered="3"/><counter type="COMPLEXITY" missed="0" covered="1"/><counter type="METHOD" missed="0" covered="1"/></method><method name="append" desc="(Lorg/joda/money/format/MoneyPrinter;Lorg/joda/money/format/MoneyParser;)Lorg/joda/money/format/MoneyFormatterBuilder;" line="191"><counter type="INSTRUCTION" missed="0" covered="5"/><counter type="LINE" missed="0" covered="1"/><counter type="COMPLEXITY" missed="0" covered="1"/><counter type="METHOD" missed="0" covered="1"/></method><method name="appendSigned" desc="(Lorg/joda/money/format/MoneyFormatter;Lorg/joda/money/format/MoneyFormatter;)Lorg/joda/money/format/MoneyFormatterBuilder;" line="217"><counter type="INSTRUCTION" missed="0" covered="6"/><counter type="LINE" missed="0" covered="1"/><counter type="COMPLEXITY" missed="0" covered="1"/><counter type="METHOD" missed="0" covered="1"/></method><method name="appendSigned" desc="(Lorg/joda/money/format/MoneyFormatter;Lorg/joda/money/format/MoneyFormatter;Lorg/joda/money/format/MoneyFormatter;)Lorg/joda/money/format/MoneyFormatterBuilder;" line="244"><counter type="INSTRUCTION" missed="0" covered="21"/><counter type="LINE" missed="0" covered="5"/><counter type="COMPLEXITY" missed="0" covered="1"/><counter type="METHOD" missed="0" covered="1"/></method><method name="appendInternal" desc="(Lorg/joda/money/format/MoneyPrinter;Lorg/joda/money/format/MoneyParser;)Lorg/joda/money/format/MoneyFormatterBuilder;" line="262"><counter type="INSTRUCTION" missed="0" covered="12"/><counter type="LINE" missed="0" covered="3"/><counter type="COMPLEXITY" missed="0" covered="1"/><counter type="METHOD" missed="0" covered="1"/></method><method name="toFormatter" desc="()Lorg/joda/money/format/MoneyFormatter;" line="281"><counter type="INSTRUCTION" missed="0" covered="4"/><counter type="LINE" missed="0" covered="1"/><counter type="COMPLEXITY" missed="0" covered="1"/><counter type="METHOD" missed="0" covered="1"/></method><method name="toFormatter" desc="(Ljava/util/Locale;)Lorg/joda/money/format/MoneyFormatter;" line="299"><counter type="INSTRUCTION" missed="0" covered="28"/><counter type="LINE" missed="0" covered="4"/><counter type="COMPLEXITY" missed="0" covered="1"/><counter type="METHOD" missed="0" covered="1"/></method><counter type="INSTRUCTION" missed="0" covered="169"/><counter type="BRANCH" missed="0" covered="4"/><counter type="LINE" missed="0" covered="37"/><counter type="COMPLEXITY" missed="0" covered="18"/><counter type="METHOD" missed="0" covered="16"/><counter type="CLASS" missed="0" covered="1"/></class><class name="org/joda/money/format/MoneyFormatterBuilder$Singletons$3" sourcefilename="MoneyFormatterBuilder.java"><method name="&lt;init&gt;" desc="(Ljava/lang/String;ILjava/lang/String;)V" line="354"><counter type="INSTRUCTION" missed="0" covered="6"/><counter type="LINE" missed="0" covered="1"/><counter type="COMPLEXITY" missed="0" covered="1"/><counter type="METHOD" missed="0" covered="1"/></method><method name="print" desc="(Lorg/joda/money/format/MoneyPrintContext;Ljava/lang/Appendable;Lorg/joda/money/BigMoney;)V" line="357"><counter type="INSTRUCTION" missed="0" covered="8"/><counter type="LINE" missed="0" covered="2"/><counter type="COMPLEXITY" missed="0" covered="1"/><counter type="METHOD" missed="0" covered="1"/></method><method name="parse" desc="(Lorg/joda/money/format/MoneyParseContext;)V" line="362"><counter type="INSTRUCTION" missed="0" covered="52"/><counter type="BRANCH" missed="0" covered="8"/><counter type="LINE" missed="0" covered="13"/><counter type="COMPLEXITY" missed="0" covered="5"/><counter type="METHOD" missed="0" covered="1"/></method><counter type="INSTRUCTION" missed="0" covered="66"/><counter type="BRANCH" missed="0" covered="8"/><counter type="LINE" missed="0" covered="16"/><counter type="COMPLEXITY" missed="0" covered="7"/><counter type="METHOD" missed="0" covered="3"/><counter type="CLASS" missed="0" covered="1"/></class><class name="org/joda/money/format/SignedPrinterParser" sourcefilename="SignedPrinterParser.java"><method name="&lt;init&gt;" desc="(Lorg/joda/money/format/MoneyFormatter;Lorg/joda/money/format/MoneyFormatter;Lorg/joda/money/format/MoneyFormatter;)V" line="47"><counter type="INSTRUCTION" missed="0" covered="12"/><counter type="LINE" missed="0" covered="5"/><counter type="COMPLEXITY" missed="0" covered="1"/><counter type="METHOD" missed="0" covered="1"/></method><method name="print" desc="(Lorg/joda/money/format/MoneyPrintContext;Ljava/lang/Appendable;Lorg/joda/money/BigMoney;)V" line="56"><counter type="INSTRUCTION" missed="0" covered="22"/><counter type="BRANCH" missed="0" covered="4"/><counter type="LINE" missed="0" covered="3"/><counter type="COMPLEXITY" missed="0" covered="3"/><counter type="METHOD" missed="0" covered="1"/></method><method name="parse" desc="(Lorg/joda/money/format/MoneyParseContext;)V" line="62"><counter type="INSTRUCTION" missed="5" covered="88"/><counter type="BRANCH" missed="3" covered="23"/><counter type="LINE" missed="0" covered="24"/><counter type="COMPLEXITY" missed="2" covered="12"/><counter type="METHOD" missed="0" covered="1"/></method><method name="toString" desc="()Ljava/lang/String;" line="98"><counter type="INSTRUCTION" missed="0" covered="11"/><counter type="LINE" missed="0" covered="1"/><counter type="COMPLEXITY" missed="0" covered="1"/><counter type="METHOD" missed="0" covered="1"/></method><counter type="INSTRUCTION" missed="5" covered="133"/><counter type="BRANCH" missed="3" covered="27"/><counter type="LINE" missed="0" covered="33"/><counter type="COMPLEXITY" missed="2" covered="17"/><counter type="METHOD" missed="0" covered="4"/><counter type="CLASS" missed="0" covered="1"/></class><class name="org/joda/money/format/MoneyFormatter" sourcefilename="MoneyFormatter.java"><method name="checkNotNull" desc="(Ljava/lang/Object;Ljava/lang/String;)V" line="59"><counter type="INSTRUCTION" missed="0" covered="8"/><counter type="BRANCH" missed="0" covered="2"/><counter type="LINE" missed="0" covered="3"/><counter type="COMPLEXITY" missed="0" covered="2"/><counter type="METHOD" missed="0" covered="1"/></method><method name="&lt;init&gt;" desc="(Ljava/util/Locale;[Lorg/joda/money/format/MoneyPrinter;[Lorg/joda/money/format/MoneyParser;)V" line="72"><counter type="INSTRUCTION" missed="5" covered="27"/><counter type="BRANCH" missed="1" covered="1"/><counter type="LINE" missed="1" covered="8"/><counter type="COMPLEXITY" missed="1" covered="1"/><counter type="METHOD" missed="0" covered="1"/></method><method name="&lt;init&gt;" desc="(Ljava/util/Locale;Lorg/joda/money/format/MultiPrinterParser;)V" line="89"><counter type="INSTRUCTION" missed="0" covered="15"/><counter type="LINE" missed="0" covered="6"/><counter type="COMPLEXITY" missed="0" covered="1"/><counter type="METHOD" missed="0" covered="1"/></method><method name="getPrinterParser" desc="()Lorg/joda/money/format/MultiPrinterParser;" line="103"><counter type="INSTRUCTION" missed="0" covered="3"/><counter type="LINE" missed="0" covered="1"/><counter type="COMPLEXITY" missed="0" covered="1"/><counter type="METHOD" missed="0" covered="1"/></method><method name="getLocale" desc="()Ljava/util/Locale;" line="113"><counter type="INSTRUCTION" missed="0" covered="3"/><counter type="LINE" missed="0" covered="1"/><counter type="COMPLEXITY" missed="0" covered="1"/><counter type="METHOD" missed="0" covered="1"/></method><method name="withLocale" desc="(Ljava/util/Locale;)Lorg/joda/money/format/MoneyFormatter;" line="126"><counter type="INSTRUCTION" missed="0" covered="10"/><counter type="LINE" missed="0" covered="2"/><counter type="COMPLEXITY" missed="0" covered="1"/><counter type="METHOD" missed="0" covered="1"/></method><method name="isPrinter" desc="()Z" line="140"><counter type="INSTRUCTION" missed="0" covered="4"/><counter type="LINE" missed="0" covered="1"/><counter type="COMPLEXITY" missed="0" covered="1"/><counter type="METHOD" missed="0" covered="1"/></method><method name="isParser" desc="()Z" line="152"><counter type="INSTRUCTION" missed="0" covered="4"/><counter type="LINE" missed="0" covered="1"/><counter type="COMPLEXITY" missed="0" covered="1"/><counter type="METHOD" missed="0" covered="1"/></method><method name="print" desc="(Lorg/joda/money/BigMoneyProvider;)Ljava/lang/String;" line="165"><counter type="INSTRUCTION" missed="0" covered="11"/><counter type="LINE" missed="0" covered="3"/><counter type="COMPLEXITY" missed="0" covered="1"/><counter type="METHOD" missed="0" covered="1"/></method><method name="print" desc="(Ljava/lang/Appendable;Lorg/joda/money/BigMoneyProvider;)V" line="185"><counter type="INSTRUCTION" missed="0" covered="14"/><counter type="LINE" missed="0" covered="5"/><counter type="COMPLEXITY" missed="0" covered="1"/><counter type="METHOD" missed="0" covered="1"/></method><method name="printIO" desc="(Ljava/lang/Appendable;Lorg/joda/money/BigMoneyProvider;)V" line="206"><counter type="INSTRUCTION" missed="0" covered="27"/><counter type="BRANCH" missed="0" covered="2"/><counter type="LINE" missed="0" covered="7"/><counter type="COMPLEXITY" missed="0" covered="2"/><counter type="METHOD" missed="0" covered="1"/></method><method name="parseBigMoney" desc="(Ljava/lang/CharSequence;)Lorg/joda/money/BigMoney;" line="230"><counter type="INSTRUCTION" missed="0" covered="62"/><counter type="BRANCH" missed="0" covered="12"/><counter type="LINE" missed="0" covered="10"/><counter type="COMPLEXITY" missed="0" covered="7"/><counter type="METHOD" missed="0" covered="1"/></method><method name="parseMoney" desc="(Ljava/lang/CharSequence;)Lorg/joda/money/Money;" line="260"><counter type="INSTRUCTION" missed="0" covered="5"/><counter type="LINE" missed="0" covered="1"/><counter type="COMPLEXITY" missed="0" covered="1"/><counter type="METHOD" missed="0" covered="1"/></method><method name="parse" desc="(Ljava/lang/CharSequence;I)Lorg/joda/money/format/MoneyParseContext;" line="278"><counter type="INSTRUCTION" missed="0" covered="37"/><counter type="BRANCH" missed="0" covered="6"/><counter type="LINE" missed="0" covered="8"/><counter type="COMPLEXITY" missed="0" covered="4"/><counter type="METHOD" missed="0" covered="1"/></method><method name="toString" desc="()Ljava/lang/String;" line="298"><counter type="INSTRUCTION" missed="0" covered="4"/><counter type="LINE" missed="0" covered="1"/><counter type="COMPLEXITY" missed="0" covered="1"/><counter type="METHOD" missed="0" covered="1"/></method><counter type="INSTRUCTION" missed="5" covered="234"/><counter type="BRANCH" missed="1" covered="23"/><counter type="LINE" missed="1" covered="58"/><counter type="COMPLEXITY" missed="1" covered="26"/><counter type="METHOD" missed="0" covered="15"/><counter type="CLASS" missed="0" covered="1"/></class><class name="org/joda/money/format/MoneyParseContext" sourcefilename="MoneyParseContext.java"><method name="&lt;init&gt;" desc="(Ljava/util/Locale;Ljava/lang/CharSequence;I)V" line="48"><counter type="INSTRUCTION" missed="0" covered="15"/><counter type="LINE" missed="0" covered="6"/><counter type="COMPLEXITY" missed="0" covered="1"/><counter type="METHOD" missed="0" covered="1"/></method><method name="&lt;init&gt;" desc="(Ljava/util/Locale;Ljava/lang/CharSequence;IILorg/joda/money/CurrencyUnit;Ljava/math/BigDecimal;)V" line="48"><counter type="INSTRUCTION" missed="0" covered="24"/><counter type="LINE" missed="0" covered="9"/><counter type="COMPLEXITY" missed="0" covered="1"/><counter type="METHOD" missed="0" covered="1"/></method><method name="getLocale" desc="()Ljava/util/Locale;" line="97"><counter type="INSTRUCTION" missed="0" covered="3"/><counter type="LINE" missed="0" covered="1"/><counter type="COMPLEXITY" missed="0" covered="1"/><counter type="METHOD" missed="0" covered="1"/></method><method name="setLocale" desc="(Ljava/util/Locale;)V" line="106"><counter type="INSTRUCTION" missed="0" covered="7"/><counter type="LINE" missed="0" covered="3"/><counter type="COMPLEXITY" missed="0" covered="1"/><counter type="METHOD" missed="0" covered="1"/></method><method name="getText" desc="()Ljava/lang/CharSequence;" line="116"><counter type="INSTRUCTION" missed="0" covered="3"/><counter type="LINE" missed="0" covered="1"/><counter type="COMPLEXITY" missed="0" covered="1"/><counter type="METHOD" missed="0" covered="1"/></method><method name="setText" desc="(Ljava/lang/CharSequence;)V" line="125"><counter type="INSTRUCTION" missed="0" covered="7"/><counter type="LINE" missed="0" covered="3"/><counter type="COMPLEXITY" missed="0" covered="1"/><counter type="METHOD" missed="0" covered="1"/></method><method name="getTextLength" desc="()I" line="135"><counter type="INSTRUCTION" missed="0" covered="4"/><counter type="LINE" missed="0" covered="1"/><counter type="COMPLEXITY" missed="0" covered="1"/><counter type="METHOD" missed="0" covered="1"/></method><method name="getTextSubstring" desc="(II)Ljava/lang/String;" line="146"><counter type="INSTRUCTION" missed="0" covered="7"/><counter type="LINE" missed="0" covered="1"/><counter type="COMPLEXITY" missed="0" covered="1"/><counter type="METHOD" missed="0" covered="1"/></method><method name="getIndex" desc="()I" line="156"><counter type="INSTRUCTION" missed="0" covered="3"/><counter type="LINE" missed="0" covered="1"/><counter type="COMPLEXITY" missed="0" covered="1"/><counter type="METHOD" missed="0" covered="1"/></method><method name="setIndex" desc="(I)V" line="165"><counter type="INSTRUCTION" missed="0" covered="4"/><counter type="LINE" missed="0" covered="2"/><counter type="COMPLEXITY" missed="0" covered="1"/><counter type="METHOD" missed="0" covered="1"/></method><method name="getErrorIndex" desc="()I" line="175"><counter type="INSTRUCTION" missed="0" covered="3"/><counter type="LINE" missed="0" covered="1"/><counter type="COMPLEXITY" missed="0" covered="1"/><counter type="METHOD" missed="0" covered="1"/></method><method name="setErrorIndex" desc="(I)V" line="184"><counter type="INSTRUCTION" missed="0" covered="4"/><counter type="LINE" missed="0" covered="2"/><counter type="COMPLEXITY" missed="0" covered="1"/><counter type="METHOD" missed="0" covered="1"/></method><method name="setError" desc="()V" line="191"><counter type="INSTRUCTION" missed="0" covered="5"/><counter type="LINE" missed="0" covered="2"/><counter type="COMPLEXITY" missed="0" covered="1"/><counter type="METHOD" missed="0" covered="1"/></method><method name="getCurrency" desc="()Lorg/joda/money/CurrencyUnit;" line="201"><counter type="INSTRUCTION" missed="0" covered="3"/><counter type="LINE" missed="0" covered="1"/><counter type="COMPLEXITY" missed="0" covered="1"/><counter type="METHOD" missed="0" covered="1"/></method><method name="setCurrency" desc="(Lorg/joda/money/CurrencyUnit;)V" line="210"><counter type="INSTRUCTION" missed="0" covered="4"/><counter type="LINE" missed="0" covered="2"/><counter type="COMPLEXITY" missed="0" covered="1"/><counter type="METHOD" missed="0" covered="1"/></method><method name="getAmount" desc="()Ljava/math/BigDecimal;" line="220"><counter type="INSTRUCTION" missed="0" covered="3"/><counter type="LINE" missed="0" covered="1"/><counter type="COMPLEXITY" missed="0" covered="1"/><counter type="METHOD" missed="0" covered="1"/></method><method name="setAmount" desc="(Ljava/math/BigDecimal;)V" line="229"><counter type="INSTRUCTION" missed="0" covered="4"/><counter type="LINE" missed="0" covered="2"/><counter type="COMPLEXITY" missed="0" covered="1"/><counter type="METHOD" missed="0" covered="1"/></method><method name="isError" desc="()Z" line="239"><counter type="INSTRUCTION" missed="0" covered="7"/><counter type="BRANCH" missed="0" covered="2"/><counter type="LINE" missed="0" covered="1"/><counter type="COMPLEXITY" missed="0" covered="2"/><counter type="METHOD" missed="0" covered="1"/></method><method name="isFullyParsed" desc="()Z" line="248"><counter type="INSTRUCTION" missed="0" covered="9"/><counter type="BRANCH" missed="0" covered="2"/><counter type="LINE" missed="0" covered="1"/><counter type="COMPLEXITY" missed="0" covered="2"/><counter type="METHOD" missed="0" covered="1"/></method><method name="isComplete" desc="()Z" line="258"><counter type="INSTRUCTION" missed="0" covered="10"/><counter type="BRANCH" missed="0" covered="4"/><counter type="LINE" missed="0" covered="1"/><counter type="COMPLEXITY" missed="0" covered="3"/><counter type="METHOD" missed="0" covered="1"/></method><method name="createChild" desc="()Lorg/joda/money/format/MoneyParseContext;" line="268"><counter type="INSTRUCTION" missed="0" covered="16"/><counter type="LINE" missed="0" covered="1"/><counter type="COMPLEXITY" missed="0" covered="1"/><counter type="METHOD" missed="0" covered="1"/></method><method name="mergeChild" desc="(Lorg/joda/money/format/MoneyParseContext;)V" line="277"><counter type="INSTRUCTION" missed="0" covered="25"/><counter type="LINE" missed="0" covered="7"/><counter type="COMPLEXITY" missed="0" covered="1"/><counter type="METHOD" missed="0" covered="1"/></method><method name="toParsePosition" desc="()Ljava/text/ParsePosition;" line="292"><counter type="INSTRUCTION" missed="0" covered="12"/><counter type="LINE" missed="0" covered="3"/><counter type="COMPLEXITY" missed="0" covered="1"/><counter type="METHOD" missed="0" covered="1"/></method><method name="toBigMoney" desc="()Lorg/joda/money/BigMoney;" line="304"><counter type="INSTRUCTION" missed="0" covered="22"/><counter type="BRANCH" missed="0" covered="4"/><counter type="LINE" missed="0" covered="5"/><counter type="COMPLEXITY" missed="0" covered="3"/><counter type="METHOD" missed="0" covered="1"/></method><counter type="INSTRUCTION" missed="0" covered="204"/><counter type="BRANCH" missed="0" covered="12"/><counter type="LINE" missed="0" covered="57"/><counter type="COMPLEXITY" missed="0" covered="30"/><counter type="METHOD" missed="0" covered="24"/><counter type="CLASS" missed="0" covered="1"/></class><class name="org/joda/money/format/MoneyParser" sourcefilename="MoneyParser.java"/><class name="org/joda/money/format/MoneyFormatterBuilder$Singletons$1" sourcefilename="MoneyFormatterBuilder.java"><method name="&lt;init&gt;" desc="(Ljava/lang/String;ILjava/lang/String;)V" line="310"><counter type="INSTRUCTION" missed="0" covered="6"/><counter type="LINE" missed="0" covered="1"/><counter type="COMPLEXITY" missed="0" covered="1"/><counter type="METHOD" missed="0" covered="1"/></method><method name="print" desc="(Lorg/joda/money/format/MoneyPrintContext;Ljava/lang/Appendable;Lorg/joda/money/BigMoney;)V" line="313"><counter type="INSTRUCTION" missed="0" covered="7"/><counter type="LINE" missed="0" covered="2"/><counter type="COMPLEXITY" missed="0" covered="1"/><counter type="METHOD" missed="0" covered="1"/></method><method name="parse" desc="(Lorg/joda/money/format/MoneyParseContext;)V" line="318"><counter type="INSTRUCTION" missed="0" covered="30"/><counter type="BRANCH" missed="0" covered="2"/><counter type="LINE" missed="0" covered="10"/><counter type="COMPLEXITY" missed="0" covered="2"/><counter type="METHOD" missed="0" covered="1"/></method><counter type="INSTRUCTION" missed="0" covered="43"/><counter type="BRANCH" missed="0" covered="2"/><counter type="LINE" missed="0" covered="13"/><counter type="COMPLEXITY" missed="0" covered="4"/><counter type="METHOD" missed="0" covered="3"/><counter type="CLASS" missed="0" covered="1"/></class><class name="org/joda/money/format/AmountPrinterParser" sourcefilename="AmountPrinterParser.java"><method name="&lt;init&gt;" desc="(Lorg/joda/money/format/MoneyAmountStyle;)V" line="41"><counter type="INSTRUCTION" missed="0" covered="6"/><counter type="LINE" missed="0" covered="3"/><counter type="COMPLEXITY" missed="0" covered="1"/><counter type="METHOD" missed="0" covered="1"/></method><method name="print" desc="(Lorg/joda/money/format/MoneyPrintContext;Ljava/lang/Appendable;Lorg/joda/money/BigMoney;)V" line="48"><counter type="INSTRUCTION" missed="7" covered="232"/><counter type="BRANCH" missed="2" covered="38"/><counter type="LINE" missed="1" covered="44"/><counter type="COMPLEXITY" missed="2" covered="19"/><counter type="METHOD" missed="0" covered="1"/></method><method name="isPreGroupingPoint" desc="(III)Z" line="115"><counter type="INSTRUCTION" missed="0" covered="23"/><counter type="BRANCH" missed="0" covered="6"/><counter type="LINE" missed="0" covered="3"/><counter type="COMPLEXITY" missed="0" covered="4"/><counter type="METHOD" missed="0" covered="1"/></method><method name="isPostGroupingPoint" desc="(IIII)Z" line="122"><counter type="INSTRUCTION" missed="0" covered="40"/><counter type="BRANCH" missed="0" covered="12"/><counter type="LINE" missed="0" covered="4"/><counter type="COMPLEXITY" missed="0" covered="7"/><counter type="METHOD" missed="0" covered="1"/></method><method name="parse" desc="(Lorg/joda/money/format/MoneyParseContext;)V" line="131"><counter type="INSTRUCTION" missed="0" covered="178"/><counter type="BRANCH" missed="1" covered="27"/><counter type="LINE" missed="0" covered="39"/><counter type="COMPLEXITY" missed="1" covered="14"/><counter type="METHOD" missed="0" covered="1"/></method><method name="toString" desc="()Ljava/lang/String;" line="182"><counter type="INSTRUCTION" missed="0" covered="2"/><counter type="LINE" missed="0" covered="1"/><counter type="COMPLEXITY" missed="0" covered="1"/><counter type="METHOD" missed="0" covered="1"/></method><counter type="INSTRUCTION" missed="7" covered="481"/><counter type="BRANCH" missed="3" covered="83"/><counter type="LINE" missed="1" covered="94"/><counter type="COMPLEXITY" missed="3" covered="46"/><counter type="METHOD" missed="0" covered="6"/><counter type="CLASS" missed="0" covered="1"/></class><class name="org/joda/money/format/MultiPrinterParser" sourcefilename="MultiPrinterParser.java"><method name="&lt;init&gt;" desc="([Lorg/joda/money/format/MoneyPrinter;[Lorg/joda/money/format/MoneyParser;)V" line="47"><counter type="INSTRUCTION" missed="0" covered="9"/><counter type="LINE" missed="0" covered="4"/><counter type="COMPLEXITY" missed="0" covered="1"/><counter type="METHOD" missed="0" covered="1"/></method><method name="isPrinter" desc="()Z" line="54"><counter type="INSTRUCTION" missed="0" covered="10"/><counter type="BRANCH" missed="0" covered="2"/><counter type="LINE" missed="0" covered="1"/><counter type="COMPLEXITY" missed="0" covered="2"/><counter type="METHOD" missed="0" covered="1"/></method><method name="isParser" desc="()Z" line="58"><counter type="INSTRUCTION" missed="0" covered="10"/><counter type="BRANCH" missed="0" covered="2"/><counter type="LINE" missed="0" covered="1"/><counter type="COMPLEXITY" missed="0" covered="2"/><counter type="METHOD" missed="0" covered="1"/></method><method name="appendTo" desc="(Lorg/joda/money/format/MoneyFormatterBuilder;)V" line="62"><counter type="INSTRUCTION" missed="0" covered="21"/><counter type="BRANCH" missed="0" covered="2"/><counter type="LINE" missed="0" covered="3"/><counter type="COMPLEXITY" missed="0" covered="2"/><counter type="METHOD" missed="0" covered="1"/></method><method name="print" desc="(Lorg/joda/money/format/MoneyPrintContext;Ljava/lang/Appendable;Lorg/joda/money/BigMoney;)V" line="70"><counter type="INSTRUCTION" missed="0" covered="23"/><counter type="BRANCH" missed="0" covered="2"/><counter type="LINE" missed="0" covered="3"/><counter type="COMPLEXITY" missed="0" covered="2"/><counter type="METHOD" missed="0" covered="1"/></method><method name="parse" desc="(Lorg/joda/money/format/MoneyParseContext;)V" line="77"><counter type="INSTRUCTION" missed="0" covered="25"/><counter type="BRANCH" missed="0" covered="4"/><counter type="LINE" missed="0" covered="5"/><counter type="COMPLEXITY" missed="0" covered="3"/><counter type="METHOD" missed="0" covered="1"/></method><method name="toString" desc="()Ljava/lang/String;" line="87"><counter type="INSTRUCTION" missed="0" covered="90"/><counter type="BRANCH" missed="0" covered="18"/><counter type="LINE" missed="0" covered="17"/><counter type="COMPLEXITY" missed="0" covered="10"/><counter type="METHOD" missed="0" covered="1"/></method><counter type="INSTRUCTION" missed="0" covered="188"/><counter type="BRANCH" missed="0" covered="30"/><counter type="LINE" missed="0" covered="34"/><counter type="COMPLEXITY" missed="0" covered="22"/><counter type="METHOD" missed="0" covered="7"/><counter type="CLASS" missed="0" covered="1"/></class><class name="org/joda/money/format/MoneyFormatterBuilder$SingletonPrinters" sourcefilename="MoneyFormatterBuilder.java"><method name="print" desc="(Lorg/joda/money/format/MoneyPrintContext;Ljava/lang/Appendable;Lorg/joda/money/BigMoney;)V" line="401"><counter type="INSTRUCTION" missed="0" covered="9"/><counter type="LINE" missed="0" covered="2"/><counter type="COMPLEXITY" missed="0" covered="1"/><counter type="METHOD" missed="0" covered="1"/></method><method name="toString" desc="()Ljava/lang/String;" line="406"><counter type="INSTRUCTION" missed="0" covered="2"/><counter type="LINE" missed="0" covered="1"/><counter type="COMPLEXITY" missed="0" covered="1"/><counter type="METHOD" missed="0" covered="1"/></method><method name="&lt;clinit&gt;" desc="()V" line="396"><counter type="INSTRUCTION" missed="0" covered="9"/><counter type="LINE" missed="0" covered="2"/><counter type="COMPLEXITY" missed="0" covered="1"/><counter type="METHOD" missed="0" covered="1"/></method><counter type="INSTRUCTION" missed="0" covered="20"/><counter type="LINE" missed="0" covered="5"/><counter type="COMPLEXITY" missed="0" covered="3"/><counter type="METHOD" missed="0" covered="3"/><counter type="CLASS" missed="0" covered="1"/></class><class name="org/joda/money/format/MoneyPrintContext" sourcefilename="MoneyPrintContext.java"><method name="&lt;init&gt;" desc="(Ljava/util/Locale;)V" line="38"><counter type="INSTRUCTION" missed="0" covered="9"/><counter type="LINE" missed="0" covered="4"/><counter type="COMPLEXITY" missed="0" covered="1"/><counter type="METHOD" missed="0" covered="1"/></method><method name="getLocale" desc="()Ljava/util/Locale;" line="50"><counter type="INSTRUCTION" missed="0" covered="3"/><counter type="LINE" missed="0" covered="1"/><counter type="COMPLEXITY" missed="0" covered="1"/><counter type="METHOD" missed="0" covered="1"/></method><method name="setLocale" desc="(Ljava/util/Locale;)V" line="59"><counter type="INSTRUCTION" missed="7" covered="0"/><counter type="LINE" missed="3" covered="0"/><counter type="COMPLEXITY" missed="1" covered="0"/><counter type="METHOD" missed="1" covered="0"/></method><counter type="INSTRUCTION" missed="7" covered="12"/><counter type="LINE" missed="3" covered="5"/><counter type="COMPLEXITY" missed="1" covered="2"/><counter type="METHOD" missed="1" covered="2"/><counter type="CLASS" missed="0" covered="1"/></class><class name="org/joda/money/format/GroupingStyle" sourcefilename="GroupingStyle.java"><method name="&lt;clinit&gt;" desc="()V" line="25"><counter type="INSTRUCTION" missed="0" covered="21"/><counter type="LINE" missed="0" covered="4"/><counter type="COMPLEXITY" missed="0" covered="1"/><counter type="METHOD" missed="0" covered="1"/></method><counter type="INSTRUCTION" missed="0" covered="21"/><counter type="LINE" missed="0" covered="4"/><counter type="COMPLEXITY" missed="0" covered="1"/><counter type="METHOD" missed="0" covered="1"/><counter type="CLASS" missed="0" covered="1"/></class><class name="org/joda/money/format/MoneyPrinter" sourcefilename="MoneyPrinter.java"/><class name="org/joda/money/format/MoneyAmountStyle" sourcefilename="MoneyAmountStyle.java"><method name="of" desc="(Ljava/util/Locale;)Lorg/joda/money/format/MoneyAmountStyle;" line="168"><counter type="INSTRUCTION" missed="0" covered="3"/><counter type="LINE" missed="0" covered="1"/><counter type="COMPLEXITY" missed="0" covered="1"/><counter type="METHOD" missed="0" covered="1"/></method><method name="&lt;init&gt;" desc="(IIIILorg/joda/money/format/GroupingStyle;IIIZZ)V" line="196"><counter type="INSTRUCTION" missed="0" covered="33"/><counter type="LINE" missed="0" covered="12"/><counter type="COMPLEXITY" missed="0" covered="1"/><counter type="METHOD" missed="0" covered="1"/></method><method name="localize" desc="(Ljava/util/Locale;)Lorg/joda/money/format/MoneyAmountStyle;" line="226"><counter type="INSTRUCTION" missed="15" covered="96"/><counter type="BRANCH" missed="5" covered="21"/><counter type="LINE" missed="0" covered="25"/><counter type="COMPLEXITY" missed="5" covered="9"/><counter type="METHOD" missed="0" covered="1"/></method><method name="getLocalizedStyle" desc="(Ljava/util/Locale;)Lorg/joda/money/format/MoneyAmountStyle;" line="273"><counter type="INSTRUCTION" missed="3" covered="50"/><counter type="BRANCH" missed="2" covered="4"/><counter type="LINE" missed="0" covered="13"/><counter type="COMPLEXITY" missed="2" covered="2"/><counter type="METHOD" missed="0" covered="1"/></method><method name="getZeroCharacter" desc="()Ljava/lang/Character;" line="306"><counter type="INSTRUCTION" missed="0" covered="10"/><counter type="BRANCH" missed="0" covered="2"/><counter type="LINE" missed="0" covered="1"/><counter type="COMPLEXITY" missed="0" covered="2"/><counter type="METHOD" missed="0" covered="1"/></method><method name="withZeroCharacter" desc="(Ljava/lang/Character;)Lorg/joda/money/format/MoneyAmountStyle;" line="323"><counter type="INSTRUCTION" missed="0" covered="36"/><counter type="BRANCH" missed="0" covered="4"/><counter type="LINE" missed="0" covered="4"/><counter type="COMPLEXITY" missed="0" covered="3"/><counter type="METHOD" missed="0" covered="1"/></method><method name="getPositiveSignCharacter" desc="()Ljava/lang/Character;" line="343"><counter type="INSTRUCTION" missed="0" covered="10"/><counter type="BRANCH" missed="0" covered="2"/><counter type="LINE" missed="0" covered="1"/><counter type="COMPLEXITY" missed="0" covered="2"/><counter type="METHOD" missed="0" covered="1"/></method><method name="withPositiveSignCharacter" desc="(Ljava/lang/Character;)Lorg/joda/money/format/MoneyAmountStyle;" line="355"><counter type="INSTRUCTION" missed="0" covered="36"/><counter type="BRANCH" missed="0" covered="4"/><counter type="LINE" missed="0" covered="4"/><counter type="COMPLEXITY" missed="0" covered="3"/><counter type="METHOD" missed="0" covered="1"/></method><method name="getNegativeSignCharacter" desc="()Ljava/lang/Character;" line="375"><counter type="INSTRUCTION" missed="0" covered="10"/><counter type="BRANCH" missed="0" covered="2"/><counter type="LINE" missed="0" covered="1"/><counter type="COMPLEXITY" missed="0" covered="2"/><counter type="METHOD" missed="0" covered="1"/></method><method name="withNegativeSignCharacter" desc="(Ljava/lang/Character;)Lorg/joda/money/format/MoneyAmountStyle;" line="387"><counter type="INSTRUCTION" missed="0" covered="36"/><counter type="BRANCH" missed="0" covered="4"/><counter type="LINE" missed="0" covered="4"/><counter type="COMPLEXITY" missed="0" covered="3"/><counter type="METHOD" missed="0" covered="1"/></method><method name="getDecimalPointCharacter" desc="()Ljava/lang/Character;" line="405"><counter type="INSTRUCTION" missed="0" covered="10"/><counter type="BRANCH" missed="0" covered="2"/><counter type="LINE" missed="0" covered="1"/><counter type="COMPLEXITY" missed="0" covered="2"/><counter type="METHOD" missed="0" covered="1"/></method><method name="withDecimalPointCharacter" desc="(Ljava/lang/Character;)Lorg/joda/money/format/MoneyAmountStyle;" line="417"><counter type="INSTRUCTION" missed="0" covered="36"/><counter type="BRANCH" missed="0" covered="4"/><counter type="LINE" missed="0" covered="4"/><counter type="COMPLEXITY" missed="0" covered="3"/><counter type="METHOD" missed="0" covered="1"/></method><method name="getGroupingCharacter" desc="()Ljava/lang/Character;" line="435"><counter type="INSTRUCTION" missed="0" covered="10"/><counter type="BRANCH" missed="0" covered="2"/><counter type="LINE" missed="0" covered="1"/><counter type="COMPLEXITY" missed="0" covered="2"/><counter type="METHOD" missed="0" covered="1"/></method><method name="withGroupingCharacter" desc="(Ljava/lang/Character;)Lorg/joda/money/format/MoneyAmountStyle;" line="447"><counter type="INSTRUCTION" missed="0" covered="36"/><counter type="BRANCH" missed="0" covered="4"/><counter type="LINE" missed="0" covered="4"/><counter type="COMPLEXITY" missed="0" covered="3"/><counter type="METHOD" missed="0" covered="1"/></method><method name="getGroupingSize" desc="()Ljava/lang/Integer;" line="465"><counter type="INSTRUCTION" missed="0" covered="9"/><counter type="BRANCH" missed="0" covered="2"/><counter type="LINE" missed="0" covered="1"/><counter type="COMPLEXITY" missed="0" covered="2"/><counter type="METHOD" missed="0" covered="1"/></method><method name="withGroupingSize" desc="(Ljava/lang/Integer;)Lorg/joda/money/format/MoneyAmountStyle;" line="477"><counter type="INSTRUCTION" missed="0" covered="45"/><counter type="BRANCH" missed="0" covered="8"/><counter type="LINE" missed="0" covered="6"/><counter type="COMPLEXITY" missed="0" covered="5"/><counter type="METHOD" missed="0" covered="1"/></method><method name="getExtendedGroupingSize" desc="()Ljava/lang/Integer;" line="503"><counter type="INSTRUCTION" missed="0" covered="9"/><counter type="BRANCH" missed="0" covered="2"/><counter type="LINE" missed="0" covered="1"/><counter type="COMPLEXITY" missed="0" covered="2"/><counter type="METHOD" missed="0" covered="1"/></method><method name="withExtendedGroupingSize" desc="(Ljava/lang/Integer;)Lorg/joda/money/format/MoneyAmountStyle;" line="515"><counter type="INSTRUCTION" missed="9" covered="36"/><counter type="BRANCH" missed="4" covered="4"/><counter type="LINE" missed="2" covered="4"/><counter type="COMPLEXITY" missed="4" covered="1"/><counter type="METHOD" missed="0" covered="1"/></method><method name="getGroupingStyle" desc="()Lorg/joda/money/format/GroupingStyle;" line="536"><counter type="INSTRUCTION" missed="0" covered="3"/><counter type="LINE" missed="0" covered="1"/><counter type="COMPLEXITY" missed="0" covered="1"/><counter type="METHOD" missed="0" covered="1"/></method><method name="withGroupingStyle" desc="(Lorg/joda/money/format/GroupingStyle;)Lorg/joda/money/format/MoneyAmountStyle;" line="546"><counter type="INSTRUCTION" missed="0" covered="32"/><counter type="BRANCH" missed="0" covered="2"/><counter type="LINE" missed="0" covered="4"/><counter type="COMPLEXITY" missed="0" covered="2"/><counter type="METHOD" missed="0" covered="1"/></method><method name="isForcedDecimalPoint" desc="()Z" line="564"><counter type="INSTRUCTION" missed="0" covered="3"/><counter type="LINE" missed="0" covered="1"/><counter type="COMPLEXITY" missed="0" covered="1"/><counter type="METHOD" missed="0" covered="1"/></method><method name="withForcedDecimalPoint" desc="(Z)Lorg/joda/money/format/MoneyAmountStyle;" line="574"><counter type="INSTRUCTION" missed="0" covered="29"/><counter type="BRANCH" missed="0" covered="2"/><counter type="LINE" missed="0" covered="3"/><counter type="COMPLEXITY" missed="0" covered="2"/><counter type="METHOD" missed="0" covered="1"/></method><method name="isAbsValue" desc="()Z" line="595"><counter type="INSTRUCTION" missed="0" covered="3"/><counter type="LINE" missed="0" covered="1"/><counter type="COMPLEXITY" missed="0" covered="1"/><counter type="METHOD" missed="0" covered="1"/></method><method name="withAbsValue" desc="(Z)Lorg/joda/money/format/MoneyAmountStyle;" line="609"><counter type="INSTRUCTION" missed="0" covered="29"/><counter type="BRANCH" missed="0" covered="2"/><counter type="LINE" missed="0" covered="3"/><counter type="COMPLEXITY" missed="0" covered="2"/><counter type="METHOD" missed="0" covered="1"/></method><method name="equals" desc="(Ljava/lang/Object;)Z" line="628"><counter type="INSTRUCTION" missed="0" covered="62"/><counter type="BRANCH" missed="0" covered="22"/><counter type="LINE" missed="0" covered="6"/><counter type="COMPLEXITY" missed="0" covered="12"/><counter type="METHOD" missed="0" covered="1"/></method><method name="hashCode" desc="()I" line="653"><counter type="INSTRUCTION" missed="0" covered="72"/><counter type="BRANCH" missed="0" covered="4"/><counter type="LINE" missed="0" covered="11"/><counter type="COMPLEXITY" missed="0" covered="3"/><counter type="METHOD" missed="0" covered="1"/></method><method name="toString" desc="()Ljava/lang/String;" line="674"><counter type="INSTRUCTION" missed="0" covered="21"/><counter type="LINE" missed="0" covered="4"/><counter type="COMPLEXITY" missed="0" covered="1"/><counter type="METHOD" missed="0" covered="1"/></method><method name="&lt;clinit&gt;" desc="()V" line="57"><counter type="INSTRUCTION" missed="0" covered="117"/><counter type="LINE" missed="0" covered="9"/><counter type="COMPLEXITY" missed="0" covered="1"/><counter type="METHOD" missed="0" covered="1"/></method><counter type="INSTRUCTION" missed="27" covered="882"/><counter type="BRANCH" missed="11" covered="103"/><counter type="LINE" missed="2" covered="131"/><counter type="COMPLEXITY" missed="11" covered="74"/><counter type="METHOD" missed="0" covered="28"/><counter type="CLASS" missed="0" covered="1"/></class><sourcefile name="MoneyFormatter.java"><line nr="59" mi="0" ci="2" mb="0" cb="2"/><line nr="60" mi="0" ci="5" mb="0" cb="0"/><line nr="62" mi="0" ci="1" mb="0" cb="0"/><line nr="72" mi="0" ci="2" mb="0" cb="0"/><line nr="73" mi="0" ci="3" mb="0" cb="0"/><line nr="74" mi="0" ci="3" mb="0" cb="0"/><line nr="75" mi="0" ci="3" mb="0" cb="0"/><line nr="76" mi="0" ci="5" mb="1" cb="1"/><line nr="77" mi="5" ci="0" mb="0" cb="0"/><line nr="79" mi="0" ci="3" mb="0" cb="0"/><line nr="80" mi="0" ci="7" mb="0" cb="0"/><line nr="81" mi="0" ci="1" mb="0" cb="0"/><line nr="89" mi="0" ci="2" mb="0" cb="0"/><line nr="90" mi="0" ci="3" mb="0" cb="0"/><line nr="91" mi="0" ci="3" mb="0" cb="0"/><line nr="92" mi="0" ci="3" mb="0" cb="0"/><line nr="93" mi="0" ci="3" mb="0" cb="0"/><line nr="94" mi="0" ci="1" mb="0" cb="0"/><line nr="103" mi="0" ci="3" mb="0" cb="0"/><line nr="113" mi="0" ci="3" mb="0" cb="0"/><line nr="126" mi="0" ci="3" mb="0" cb="0"/><line nr="127" mi="0" ci="7" mb="0" cb="0"/><line nr="140" mi="0" ci="4" mb="0" cb="0"/><line nr="152" mi="0" ci="4" mb="0" cb="0"/><line nr="165" mi="0" ci="4" mb="0" cb="0"/><line nr="166" mi="0" ci="4" mb="0" cb="0"/><line nr="167" mi="0" ci="3" mb="0" cb="0"/><line nr="185" mi="0" ci="4" mb="0" cb="0"/><line nr="186" mi="0" ci="1" mb="0" cb="0"/><line nr="187" mi="0" ci="7" mb="0" cb="0"/><line nr="188" mi="0" ci="1" mb="0" cb="0"/><line nr="189" mi="0" ci="1" mb="0" cb="0"/><line nr="206" mi="0" ci="3" mb="0" cb="0"/><line nr="207" mi="0" ci="3" mb="0" cb="2"/><line nr="208" mi="0" ci="5" mb="0" cb="0"/><line nr="211" mi="0" ci="3" mb="0" cb="0"/><line nr="212" mi="0" ci="6" mb="0" cb="0"/><line nr="213" mi="0" ci="6" mb="0" cb="0"/><line nr="214" mi="0" ci="1" mb="0" cb="0"/><line nr="230" mi="0" ci="3" mb="0" cb="0"/><line nr="231" mi="0" ci="5" mb="0" cb="0"/><line nr="232" mi="0" ci="9" mb="0" cb="6"/><line nr="233" mi="0" ci="14" mb="0" cb="2"/><line nr="234" mi="0" ci="3" mb="0" cb="2"/><line nr="235" mi="0" ci="8" mb="0" cb="0"/><line nr="236" mi="0" ci="3" mb="0" cb="2"/><line nr="237" mi="0" ci="8" mb="0" cb="0"/><line nr="239" mi="0" ci="6" mb="0" cb="0"/><line nr="242" mi="0" ci="3" mb="0" cb="0"/><line nr="260" mi="0" ci="5" mb="0" cb="0"/><line nr="278" mi="0" ci="3" mb="0" cb="0"/><line nr="279" mi="0" ci="6" mb="0" cb="4"/><line nr="280" mi="0" ci="6" mb="0" cb="0"/><line nr="282" mi="0" ci="3" mb="0" cb="2"/><line nr="283" mi="0" ci="5" mb="0" cb="0"/><line nr="285" mi="0" ci="8" mb="0" cb="0"/><line nr="286" mi="0" ci="4" mb="0" cb="0"/><line nr="287" mi="0" ci="2" mb="0" cb="0"/><line nr="298" mi="0" ci="4" mb="0" cb="0"/><counter type="INSTRUCTION" missed="5" covered="234"/><counter type="BRANCH" missed="1" covered="23"/><counter type="LINE" missed="1" covered="58"/><counter type="COMPLEXITY" missed="1" covered="26"/><counter type="METHOD" missed="0" covered="15"/><counter type="CLASS" missed="0" covered="1"/></sourcefile><sourcefile name="MultiPrinterParser.java"><line nr="47" mi="0" ci="2" mb="0" cb="0"/><line nr="48" mi="0" ci="3" mb="0" cb="0"/><line nr="49" mi="0" ci="3" mb="0" cb="0"/><line nr="50" mi="0" ci="1" mb="0" cb="0"/><line nr="54" mi="0" ci="10" mb="0" cb="2"/><line nr="58" mi="0" ci="10" mb="0" cb="2"/><line nr="62" mi="0" ci="9" mb="0" cb="2"/><line nr="63" mi="0" ci="11" mb="0" cb="0"/><line nr="65" mi="0" ci="1" mb="0" cb="0"/><line nr="70" mi="0" ci="17" mb="0" cb="2"/><line nr="71" mi="0" ci="5" mb="0" cb="0"/><line nr="73" mi="0" ci="1" mb="0" cb="0"/><line nr="77" mi="0" ci="17" mb="0" cb="2"/><line nr="78" mi="0" ci="3" mb="0" cb="0"/><line nr="79" mi="0" ci="3" mb="0" cb="2"/><line nr="80" mi="0" ci="1" mb="0" cb="0"/><line nr="83" mi="0" ci="1" mb="0" cb="0"/><line nr="87" mi="0" ci="4" mb="0" cb="0"/><line nr="88" mi="0" ci="3" mb="0" cb="2"/><line nr="89" mi="0" ci="17" mb="0" cb="2"/><line nr="90" mi="0" ci="5" mb="0" cb="0"/><line nr="93" mi="0" ci="4" mb="0" cb="0"/><line nr="94" mi="0" ci="3" mb="0" cb="2"/><line nr="95" mi="0" ci="17" mb="0" cb="2"/><line nr="96" mi="0" ci="5" mb="0" cb="0"/><line nr="99" mi="0" ci="3" mb="0" cb="0"/><line nr="100" mi="0" ci="3" mb="0" cb="0"/><line nr="101" mi="0" ci="6" mb="0" cb="4"/><line nr="102" mi="0" ci="2" mb="0" cb="0"/><line nr="103" mi="0" ci="6" mb="0" cb="4"/><line nr="104" mi="0" ci="2" mb="0" cb="0"/><line nr="105" mi="0" ci="4" mb="0" cb="2"/><line nr="106" mi="0" ci="2" mb="0" cb="0"/><line nr="108" mi="0" ci="4" mb="0" cb="0"/><counter type="INSTRUCTION" missed="0" covered="188"/><counter type="BRANCH" missed="0" covered="30"/><counter type="LINE" missed="0" covered="34"/><counter type="COMPLEXITY" missed="0" covered="22"/><counter type="METHOD" missed="0" covered="7"/><counter type="CLASS" missed="0" covered="1"/></sourcefile><sourcefile name="SignedPrinterParser.java"><line nr="47" mi="0" ci="2" mb="0" cb="0"/><line nr="48" mi="0" ci="3" mb="0" cb="0"/><line nr="49" mi="0" ci="3" mb="0" cb="0"/><line nr="50" mi="0" ci="3" mb="0" cb="0"/><line nr="51" mi="0" ci="1" mb="0" cb="0"/><line nr="56" mi="0" ci="15" mb="0" cb="4"/><line nr="57" mi="0" ci="6" mb="0" cb="0"/><line nr="58" mi="0" ci="1" mb="0" cb="0"/><line nr="62" mi="0" ci="3" mb="0" cb="0"/><line nr="63" mi="0" ci="5" mb="0" cb="0"/><line nr="64" mi="0" ci="3" mb="0" cb="0"/><line nr="65" mi="0" ci="5" mb="0" cb="0"/><line nr="66" mi="0" ci="3" mb="0" cb="0"/><line nr="67" mi="0" ci="5" mb="0" cb="0"/><line nr="68" mi="0" ci="3" mb="0" cb="0"/><line nr="69" mi="0" ci="3" mb="0" cb="2"/><line nr="70" mi="0" ci="2" mb="0" cb="0"/><line nr="72" mi="0" ci="3" mb="0" cb="2"/><line nr="73" mi="0" ci="7" mb="0" cb="4"/><line nr="74" mi="0" ci="2" mb="0" cb="0"/><line nr="77" mi="0" ci="3" mb="0" cb="2"/><line nr="78" mi="5" ci="2" mb="3" cb="1"/><line nr="79" mi="0" ci="2" mb="0" cb="0"/><line nr="82" mi="0" ci="2" mb="0" cb="2"/><line nr="83" mi="0" ci="3" mb="0" cb="0"/><line nr="85" mi="0" ci="3" mb="0" cb="0"/><line nr="86" mi="0" ci="3" mb="0" cb="2"/><line nr="87" mi="0" ci="8" mb="0" cb="4"/><line nr="88" mi="0" ci="4" mb="0" cb="0"/><line nr="90" mi="0" ci="8" mb="0" cb="4"/><line nr="91" mi="0" ci="5" mb="0" cb="0"/><line nr="94" mi="0" ci="1" mb="0" cb="0"/><line nr="98" mi="0" ci="11" mb="0" cb="0"/><counter type="INSTRUCTION" missed="5" covered="133"/><counter type="BRANCH" missed="3" covered="27"/><counter type="LINE" missed="0" covered="33"/><counter type="COMPLEXITY" missed="2" covered="17"/><counter type="METHOD" missed="0" covered="4"/><counter type="CLASS" missed="0" covered="1"/></sourcefile><sourcefile name="MoneyFormatterBuilder.java"><line nr="39" mi="0" ci="5" mb="0" cb="0"/><line nr="43" mi="0" ci="5" mb="0" cb="0"/><line nr="49" mi="0" ci="2" mb="0" cb="0"/><line nr="50" mi="0" ci="1" mb="0" cb="0"/><line nr="62" mi="0" ci="5" mb="0" cb="0"/><line nr="63" mi="0" ci="5" mb="0" cb="0"/><line nr="75" mi="0" ci="5" mb="0" cb="0"/><line nr="76" mi="0" ci="5" mb="0" cb="0"/><line nr="93" mi="0" ci="3" mb="0" cb="0"/><line nr="94" mi="0" ci="5" mb="0" cb="0"/><line nr="95" mi="0" ci="5" mb="0" cb="0"/><line nr="107" mi="0" ci="5" mb="0" cb="0"/><line nr="119" mi="0" ci="5" mb="0" cb="0"/><line nr="130" mi="0" ci="5" mb="0" cb="0"/><line nr="144" mi="0" ci="5" mb="0" cb="0"/><line nr="157" mi="0" ci="5" mb="0" cb="4"/><line nr="158" mi="0" ci="2" mb="0" cb="0"/><line nr="160" mi="0" ci="6" mb="0" cb="0"/><line nr="161" mi="0" ci="5" mb="0" cb="0"/><line nr="176" mi="0" ci="3" mb="0" cb="0"/><line nr="177" mi="0" ci="4" mb="0" cb="0"/><line nr="178" mi="0" ci="2" mb="0" cb="0"/><line nr="191" mi="0" ci="5" mb="0" cb="0"/><line nr="217" mi="0" ci="6" mb="0" cb="0"/><line nr="244" mi="0" ci="3" mb="0" cb="0"/><line nr="245" mi="0" ci="3" mb="0" cb="0"/><line nr="246" mi="0" ci="3" mb="0" cb="0"/><line nr="247" mi="0" ci="7" mb="0" cb="0"/><line nr="248" mi="0" ci="5" mb="0" cb="0"/><line nr="262" mi="0" ci="5" mb="0" cb="0"/><line nr="263" mi="0" ci="5" mb="0" cb="0"/><line nr="264" mi="0" ci="2" mb="0" cb="0"/><line nr="281" mi="0" ci="4" mb="0" cb="0"/><line nr="299" mi="0" ci="3" mb="0" cb="0"/><line nr="300" mi="0" ci="9" mb="0" cb="0"/><line nr="301" mi="0" ci="9" mb="0" cb="0"/><line nr="302" mi="0" ci="7" mb="0" cb="0"/><line nr="309" mi="0" ci="3" mb="0" cb="0"/><line nr="310" mi="0" ci="13" mb="0" cb="0"/><line nr="313" mi="0" ci="6" mb="0" cb="0"/><line nr="314" mi="0" ci="1" mb="0" cb="0"/><line nr="318" mi="0" ci="5" mb="0" cb="0"/><line nr="319" mi="0" ci="4" mb="0" cb="2"/><line nr="320" mi="0" ci="3" mb="0" cb="0"/><line nr="322" mi="0" ci="6" mb="0" cb="0"/><line nr="324" mi="0" ci="4" mb="0" cb="0"/><line nr="325" mi="0" ci="3" mb="0" cb="0"/><line nr="326" mi="0" ci="1" mb="0" cb="0"/><line nr="327" mi="0" ci="2" mb="0" cb="0"/><line nr="328" mi="0" ci="1" mb="0" cb="0"/><line nr="330" mi="0" ci="1" mb="0" cb="0"/><line nr="332" mi="0" ci="13" mb="0" cb="0"/><line nr="335" mi="0" ci="6" mb="0" cb="0"/><line nr="336" mi="0" ci="1" mb="0" cb="0"/><line nr="340" mi="0" ci="5" mb="0" cb="0"/><line nr="341" mi="0" ci="4" mb="0" cb="2"/><line nr="342" mi="0" ci="3" mb="0" cb="0"/><line nr="344" mi="0" ci="6" mb="0" cb="0"/><line nr="346" mi="0" ci="4" mb="0" cb="0"/><line nr="347" mi="0" ci="3" mb="0" cb="0"/><line nr="348" mi="0" ci="1" mb="0" cb="0"/><line nr="349" mi="0" ci="2" mb="0" cb="0"/><line nr="350" mi="0" ci="1" mb="0" cb="0"/><line nr="352" mi="0" ci="1" mb="0" cb="0"/><line nr="354" mi="0" ci="13" mb="0" cb="0"/><line nr="357" mi="0" ci="7" mb="0" cb="0"/><line nr="358" mi="0" ci="1" mb="0" cb="0"/><line nr="362" mi="0" ci="2" mb="0" cb="0"/><line nr="363" mi="0" ci="12" mb="0" cb="4"/><line nr="364" mi="0" ci="8" mb="0" cb="0"/><line nr="365" mi="0" ci="6" mb="0" cb="4"/><line nr="366" mi="0" ci="1" mb="0" cb="0"/><line nr="369" mi="0" ci="5" mb="0" cb="0"/><line nr="370" mi="0" ci="6" mb="0" cb="0"/><line nr="372" mi="0" ci="4" mb="0" cb="0"/><line nr="373" mi="0" ci="3" mb="0" cb="0"/><line nr="374" mi="0" ci="1" mb="0" cb="0"/><line nr="375" mi="0" ci="2" mb="0" cb="0"/><line nr="376" mi="0" ci="1" mb="0" cb="0"/><line nr="377" mi="0" ci="1" mb="0" cb="0"/><line nr="382" mi="0" ci="4" mb="0" cb="0"/><line nr="383" mi="0" ci="3" mb="0" cb="0"/><line nr="384" mi="0" ci="1" mb="0" cb="0"/><line nr="388" mi="0" ci="3" mb="0" cb="0"/><line nr="396" mi="0" ci="3" mb="0" cb="0"/><line nr="397" mi="0" ci="6" mb="0" cb="0"/><line nr="401" mi="0" ci="8" mb="0" cb="0"/><line nr="402" mi="0" ci="1" mb="0" cb="0"/><line nr="406" mi="0" ci="2" mb="0" cb="0"/><counter type="INSTRUCTION" missed="0" covered="376"/><counter type="BRANCH" missed="0" covered="16"/><counter type="LINE" missed="0" covered="89"/><counter type="COMPLEXITY" missed="0" covered="39"/><counter type="METHOD" missed="0" covered="31"/><counter type="CLASS" missed="0" covered="6"/></sourcefile><sourcefile name="MoneyParseContext.java"><line nr="48" mi="0" ci="6" mb="0" cb="0"/><line nr="65" mi="0" ci="2" mb="0" cb="0"/><line nr="66" mi="0" ci="3" mb="0" cb="0"/><line nr="67" mi="0" ci="3" mb="0" cb="0"/><line nr="68" mi="0" ci="3" mb="0" cb="0"/><line nr="69" mi="0" ci="1" mb="0" cb="0"/><line nr="81" mi="0" ci="2" mb="0" cb="0"/><line nr="82" mi="0" ci="3" mb="0" cb="0"/><line nr="83" mi="0" ci="3" mb="0" cb="0"/><line nr="84" mi="0" ci="3" mb="0" cb="0"/><line nr="85" mi="0" ci="3" mb="0" cb="0"/><line nr="86" mi="0" ci="3" mb="0" cb="0"/><line nr="87" mi="0" ci="3" mb="0" cb="0"/><line nr="88" mi="0" ci="1" mb="0" cb="0"/><line nr="97" mi="0" ci="3" mb="0" cb="0"/><line nr="106" mi="0" ci="3" mb="0" cb="0"/><line nr="107" mi="0" ci="3" mb="0" cb="0"/><line nr="108" mi="0" ci="1" mb="0" cb="0"/><line nr="116" mi="0" ci="3" mb="0" cb="0"/><line nr="125" mi="0" ci="3" mb="0" cb="0"/><line nr="126" mi="0" ci="3" mb="0" cb="0"/><line nr="127" mi="0" ci="1" mb="0" cb="0"/><line nr="135" mi="0" ci="4" mb="0" cb="0"/><line nr="146" mi="0" ci="7" mb="0" cb="0"/><line nr="156" mi="0" ci="3" mb="0" cb="0"/><line nr="165" mi="0" ci="3" mb="0" cb="0"/><line nr="166" mi="0" ci="1" mb="0" cb="0"/><line nr="175" mi="0" ci="3" mb="0" cb="0"/><line nr="184" mi="0" ci="3" mb="0" cb="0"/><line nr="185" mi="0" ci="1" mb="0" cb="0"/><line nr="191" mi="0" ci="4" mb="0" cb="0"/><line nr="192" mi="0" ci="1" mb="0" cb="0"/><line nr="201" mi="0" ci="3" mb="0" cb="0"/><line nr="210" mi="0" ci="3" mb="0" cb="0"/><line nr="211" mi="0" ci="1" mb="0" cb="0"/><line nr="220" mi="0" ci="3" mb="0" cb="0"/><line nr="229" mi="0" ci="3" mb="0" cb="0"/><line nr="230" mi="0" ci="1" mb="0" cb="0"/><line nr="239" mi="0" ci="7" mb="0" cb="2"/><line nr="248" mi="0" ci="9" mb="0" cb="2"/><line nr="258" mi="0" ci="10" mb="0" cb="4"/><line nr="268" mi="0" ci="16" mb="0" cb="0"/><line nr="277" mi="0" ci="4" mb="0" cb="0"/><line nr="278" mi="0" ci="4" mb="0" cb="0"/><line nr="279" mi="0" ci="4" mb="0" cb="0"/><line nr="280" mi="0" ci="4" mb="0" cb="0"/><line nr="281" mi="0" ci="4" mb="0" cb="0"/><line nr="282" mi="0" ci="4" mb="0" cb="0"/><line nr="283" mi="0" ci="1" mb="0" cb="0"/><line nr="292" mi="0" ci="6" mb="0" cb="0"/><line nr="293" mi="0" ci="4" mb="0" cb="0"/><line nr="294" mi="0" ci="2" mb="0" cb="0"/><line nr="304" mi="0" ci="3" mb="0" cb="2"/><line nr="305" mi="0" ci="5" mb="0" cb="0"/><line nr="307" mi="0" ci="3" mb="0" cb="2"/><line nr="308" mi="0" ci="5" mb="0" cb="0"/><line nr="310" mi="0" ci="6" mb="0" cb="0"/><counter type="INSTRUCTION" missed="0" covered="204"/><counter type="BRANCH" missed="0" covered="12"/><counter type="LINE" missed="0" covered="57"/><counter type="COMPLEXITY" missed="0" covered="30"/><counter type="METHOD" missed="0" covered="24"/><counter type="CLASS" missed="0" covered="1"/></sourcefile><sourcefile name="GroupingStyle.java"><line nr="25" mi="0" ci="3" mb="0" cb="0"/><line nr="30" mi="0" ci="6" mb="0" cb="0"/><line nr="34" mi="0" ci="6" mb="0" cb="0"/><line nr="38" mi="0" ci="6" mb="0" cb="0"/><counter type="INSTRUCTION" missed="0" covered="21"/><counter type="LINE" missed="0" covered="4"/><counter type="COMPLEXITY" missed="0" covered="1"/><counter type="METHOD" missed="0" covered="1"/><counter type="CLASS" missed="0" covered="1"/></sourcefile><sourcefile name="MoneyPrinter.java"/><sourcefile name="MoneyAmountStyle.java"><line nr="57" mi="0" ci="14" mb="0" cb="0"/><line nr="64" mi="0" ci="14" mb="0" cb="0"/><line nr="71" mi="0" ci="14" mb="0" cb="0"/><line nr="78" mi="0" ci="14" mb="0" cb="0"/><line nr="85" mi="0" ci="14" mb="0" cb="0"/><line nr="92" mi="0" ci="14" mb="0" cb="0"/><line nr="98" mi="0" ci="14" mb="0" cb="0"/><line nr="104" mi="0" ci="14" mb="0" cb="0"/><line nr="109" mi="0" ci="5" mb="0" cb="0"/><line nr="168" mi="0" ci="3" mb="0" cb="0"/><line nr="196" mi="0" ci="2" mb="0" cb="0"/><line nr="198" mi="0" ci="3" mb="0" cb="0"/><line nr="199" mi="0" ci="3" mb="0" cb="0"/><line nr="200" mi="0" ci="3" mb="0" cb="0"/><line nr="201" mi="0" ci="3" mb="0" cb="0"/><line nr="202" mi="0" ci="3" mb="0" cb="0"/><line nr="203" mi="0" ci="3" mb="0" cb="0"/><line nr="204" mi="0" ci="3" mb="0" cb="0"/><line nr="205" mi="0" ci="3" mb="0" cb="0"/><line nr="206" mi="0" ci="3" mb="0" cb="0"/><line nr="207" mi="0" ci="3" mb="0" cb="0"/><line nr="208" mi="0" ci="1" mb="0" cb="0"/><line nr="226" mi="0" ci="3" mb="0" cb="0"/><line nr="227" mi="0" ci="2" mb="0" cb="0"/><line nr="228" mi="0" ci="3" mb="0" cb="0"/><line nr="229" mi="0" ci="3" mb="0" cb="2"/><line nr="230" mi="0" ci="3" mb="0" cb="0"/><line nr="231" mi="0" ci="5" mb="0" cb="0"/><line nr="233" mi="0" ci="3" mb="0" cb="2"/><line nr="234" mi="0" ci="7" mb="0" cb="2"/><line nr="235" mi="0" ci="5" mb="0" cb="0"/><line nr="237" mi="0" ci="3" mb="0" cb="2"/><line nr="238" mi="3" ci="4" mb="1" cb="1"/><line nr="239" mi="0" ci="5" mb="0" cb="0"/><line nr="241" mi="0" ci="3" mb="0" cb="2"/><line nr="242" mi="3" ci="4" mb="1" cb="1"/><line nr="243" mi="0" ci="5" mb="0" cb="0"/><line nr="245" mi="0" ci="3" mb="0" cb="2"/><line nr="246" mi="3" ci="4" mb="1" cb="1"/><line nr="247" mi="0" ci="5" mb="0" cb="0"/><line nr="249" mi="0" ci="3" mb="0" cb="2"/><line nr="250" mi="3" ci="4" mb="1" cb="1"/><line nr="251" mi="0" ci="5" mb="0" cb="0"/><line nr="253" mi="0" ci="3" mb="0" cb="2"/><line nr="254" mi="3" ci="4" mb="1" cb="1"/><line nr="255" mi="0" ci="5" mb="0" cb="0"/><line nr="257" mi="0" ci="2" mb="0" cb="0"/><line nr="273" mi="0" ci="5" mb="0" cb="0"/><line nr="274" mi="0" ci="2" mb="0" cb="2"/><line nr="275" mi="0" ci="3" mb="0" cb="0"/><line nr="276" mi="0" ci="3" mb="0" cb="0"/><line nr="277" mi="1" ci="8" mb="1" cb="1"/><line nr="278" mi="2" ci="4" mb="1" cb="1"/><line nr="279" mi="0" ci="3" mb="0" cb="0"/><line nr="280" mi="0" ci="3" mb="0" cb="0"/><line nr="282" mi="0" ci="2" mb="0" cb="0"/><line nr="283" mi="0" ci="3" mb="0" cb="0"/><line nr="285" mi="0" ci="7" mb="0" cb="0"/><line nr="290" mi="0" ci="5" mb="0" cb="0"/><line nr="292" mi="0" ci="2" mb="0" cb="0"/><line nr="306" mi="0" ci="10" mb="0" cb="2"/><line nr="323" mi="0" ci="7" mb="0" cb="2"/><line nr="324" mi="0" ci="4" mb="0" cb="2"/><line nr="325" mi="0" ci="2" mb="0" cb="0"/><line nr="327" mi="0" ci="23" mb="0" cb="0"/><line nr="343" mi="0" ci="10" mb="0" cb="2"/><line nr="355" mi="0" ci="7" mb="0" cb="2"/><line nr="356" mi="0" ci="4" mb="0" cb="2"/><line nr="357" mi="0" ci="2" mb="0" cb="0"/><line nr="359" mi="0" ci="23" mb="0" cb="0"/><line nr="375" mi="0" ci="10" mb="0" cb="2"/><line nr="387" mi="0" ci="7" mb="0" cb="2"/><line nr="388" mi="0" ci="4" mb="0" cb="2"/><line nr="389" mi="0" ci="2" mb="0" cb="0"/><line nr="391" mi="0" ci="23" mb="0" cb="0"/><line nr="405" mi="0" ci="10" mb="0" cb="2"/><line nr="417" mi="0" ci="7" mb="0" cb="2"/><line nr="418" mi="0" ci="4" mb="0" cb="2"/><line nr="419" mi="0" ci="2" mb="0" cb="0"/><line nr="421" mi="0" ci="23" mb="0" cb="0"/><line nr="435" mi="0" ci="10" mb="0" cb="2"/><line nr="447" mi="0" ci="7" mb="0" cb="2"/><line nr="448" mi="0" ci="4" mb="0" cb="2"/><line nr="449" mi="0" ci="2" mb="0" cb="0"/><line nr="451" mi="0" ci="23" mb="0" cb="0"/><line nr="465" mi="0" ci="9" mb="0" cb="2"/><line nr="477" mi="0" ci="7" mb="0" cb="2"/><line nr="478" mi="0" ci="4" mb="0" cb="4"/><line nr="479" mi="0" ci="5" mb="0" cb="0"/><line nr="481" mi="0" ci="4" mb="0" cb="2"/><line nr="482" mi="0" ci="2" mb="0" cb="0"/><line nr="484" mi="0" ci="23" mb="0" cb="0"/><line nr="503" mi="0" ci="9" mb="0" cb="2"/><line nr="515" mi="2" ci="5" mb="1" cb="1"/><line nr="516" mi="0" ci="4" mb="2" cb="2"/><line nr="517" mi="5" ci="0" mb="0" cb="0"/><line nr="519" mi="0" ci="4" mb="1" cb="1"/><line nr="520" mi="2" ci="0" mb="0" cb="0"/><line nr="522" mi="0" ci="23" mb="0" cb="0"/><line nr="536" mi="0" ci="3" mb="0" cb="0"/><line nr="546" mi="0" ci="3" mb="0" cb="0"/><line nr="547" mi="0" ci="4" mb="0" cb="2"/><line nr="548" mi="0" ci="2" mb="0" cb="0"/><line nr="550" mi="0" ci="23" mb="0" cb="0"/><line nr="564" mi="0" ci="3" mb="0" cb="0"/><line nr="574" mi="0" ci="4" mb="0" cb="2"/><line nr="575" mi="0" ci="2" mb="0" cb="0"/><line nr="577" mi="0" ci="23" mb="0" cb="0"/><line nr="595" mi="0" ci="3" mb="0" cb="0"/><line nr="609" mi="0" ci="4" mb="0" cb="2"/><line nr="610" mi="0" ci="2" mb="0" cb="0"/><line nr="612" mi="0" ci="23" mb="0" cb="0"/><line nr="628" mi="0" ci="3" mb="0" cb="2"/><line nr="629" mi="0" ci="2" mb="0" cb="0"/><line nr="631" mi="0" ci="3" mb="0" cb="2"/><line nr="632" mi="0" ci="2" mb="0" cb="0"/><line nr="634" mi="0" ci="3" mb="0" cb="0"/><line nr="635" mi="0" ci="49" mb="0" cb="18"/><line nr="653" mi="0" ci="2" mb="0" cb="0"/><line nr="654" mi="0" ci="7" mb="0" cb="0"/><line nr="655" mi="0" ci="7" mb="0" cb="0"/><line nr="656" mi="0" ci="7" mb="0" cb="0"/><line nr="657" mi="0" ci="7" mb="0" cb="0"/><line nr="658" mi="0" ci="8" mb="0" cb="0"/><line nr="659" mi="0" ci="7" mb="0" cb="0"/><line nr="660" mi="0" ci="7" mb="0" cb="0"/><line nr="661" mi="0" ci="9" mb="0" cb="2"/><line nr="662" mi="0" ci="9" mb="0" cb="2"/><line nr="663" mi="0" ci="2" mb="0" cb="0"/><line nr="674" mi="0" ci="6" mb="0" cb="0"/><line nr="675" mi="0" ci="4" mb="0" cb="0"/><line nr="676" mi="0" ci="7" mb="0" cb="0"/><line nr="677" mi="0" ci="4" mb="0" cb="0"/><counter type="INSTRUCTION" missed="27" covered="882"/><counter type="BRANCH" missed="11" covered="103"/><counter type="LINE" missed="2" covered="131"/><counter type="COMPLEXITY" missed="11" covered="74"/><counter type="METHOD" missed="0" covered="28"/><counter type="CLASS" missed="0" covered="1"/></sourcefile><sourcefile name="MoneyPrintContext.java"><line nr="38" mi="0" ci="2" mb="0" cb="0"/><line nr="39" mi="0" ci="3" mb="0" cb="0"/><line nr="40" mi="0" ci="3" mb="0" cb="0"/><line nr="41" mi="0" ci="1" mb="0" cb="0"/><line nr="50" mi="0" ci="3" mb="0" cb="0"/><line nr="59" mi="3" ci="0" mb="0" cb="0"/><line nr="60" mi="3" ci="0" mb="0" cb="0"/><line nr="61" mi="1" ci="0" mb="0" cb="0"/><counter type="INSTRUCTION" missed="7" covered="12"/><counter type="LINE" missed="3" covered="5"/><counter type="COMPLEXITY" missed="1" covered="2"/><counter type="METHOD" missed="1" covered="2"/><counter type="CLASS" missed="0" covered="1"/></sourcefile><sourcefile name="LiteralPrinterParser.java"><line nr="40" mi="0" ci="2" mb="0" cb="0"/><line nr="41" mi="0" ci="3" mb="0" cb="0"/><line nr="42" mi="0" ci="1" mb="0" cb="0"/><line nr="47" mi="0" ci="5" mb="0" cb="0"/><line nr="48" mi="0" ci="1" mb="0" cb="0"/><line nr="52" mi="0" ci="7" mb="0" cb="0"/><line nr="53" mi="0" ci="6" mb="0" cb="2"/><line nr="54" mi="0" ci="7" mb="0" cb="2"/><line nr="55" mi="0" ci="4" mb="0" cb="0"/><line nr="57" mi="0" ci="2" mb="0" cb="0"/><line nr="59" mi="0" ci="1" mb="0" cb="0"/><line nr="63" mi="0" ci="4" mb="0" cb="0"/><counter type="INSTRUCTION" missed="0" covered="43"/><counter type="BRANCH" missed="0" covered="4"/><counter type="LINE" missed="0" covered="12"/><counter type="COMPLEXITY" missed="0" covered="6"/><counter type="METHOD" missed="0" covered="4"/><counter type="CLASS" missed="0" covered="1"/></sourcefile><sourcefile name="MoneyParser.java"/><sourcefile name="AmountPrinterParser.java"><line nr="41" mi="0" ci="2" mb="0" cb="0"/><line nr="42" mi="0" ci="3" mb="0" cb="0"/><line nr="43" mi="0" ci="1" mb="0" cb="0"/><line nr="48" mi="0" ci="6" mb="0" cb="0"/><line nr="50" mi="0" ci="3" mb="0" cb="2"/><line nr="51" mi="0" ci="3" mb="0" cb="2"/><line nr="52" mi="0" ci="6" mb="0" cb="0"/><line nr="54" mi="0" ci="6" mb="0" cb="0"/><line nr="56" mi="0" ci="4" mb="0" cb="0"/><line nr="58" mi="0" ci="3" mb="0" cb="0"/><line nr="59" mi="0" ci="4" mb="0" cb="2"/><line nr="60" mi="0" ci="5" mb="0" cb="0"/><line nr="61" mi="0" ci="5" mb="0" cb="0"/><line nr="62" mi="0" ci="8" mb="0" cb="2"/><line nr="63" mi="0" ci="4" mb="0" cb="0"/><line nr="64" mi="0" ci="6" mb="1" cb="3"/><line nr="65" mi="0" ci="7" mb="0" cb="0"/><line nr="68" mi="0" ci="3" mb="0" cb="0"/><line nr="70" mi="0" ci="4" mb="0" cb="0"/><line nr="71" mi="0" ci="4" mb="0" cb="0"/><line nr="72" mi="0" ci="4" mb="0" cb="2"/><line nr="73" mi="0" ci="2" mb="0" cb="2"/><line nr="74" mi="0" ci="4" mb="0" cb="0"/><line nr="75" mi="0" ci="3" mb="1" cb="1"/><line nr="76" mi="7" ci="0" mb="0" cb="0"/><line nr="79" mi="0" ci="7" mb="0" cb="0"/><line nr="80" mi="0" ci="9" mb="0" cb="0"/><line nr="83" mi="0" ci="3" mb="0" cb="0"/><line nr="84" mi="0" ci="3" mb="0" cb="0"/><line nr="85" mi="0" ci="7" mb="0" cb="2"/><line nr="86" mi="0" ci="3" mb="0" cb="0"/><line nr="87" mi="0" ci="7" mb="0" cb="2"/><line nr="88" mi="0" ci="11" mb="0" cb="2"/><line nr="89" mi="0" ci="6" mb="0" cb="0"/><line nr="90" mi="0" ci="7" mb="0" cb="2"/><line nr="91" mi="0" ci="10" mb="0" cb="2"/><line nr="92" mi="0" ci="5" mb="0" cb="0"/><line nr="94" mi="0" ci="6" mb="0" cb="0"/><line nr="96" mi="0" ci="5" mb="0" cb="4"/><line nr="97" mi="0" ci="6" mb="0" cb="0"/><line nr="99" mi="0" ci="4" mb="0" cb="2"/><line nr="100" mi="0" ci="2" mb="0" cb="2"/><line nr="101" mi="0" ci="7" mb="0" cb="0"/><line nr="104" mi="0" ci="7" mb="0" cb="2"/><line nr="105" mi="0" ci="8" mb="0" cb="0"/><line nr="106" mi="0" ci="9" mb="0" cb="2"/><line nr="107" mi="0" ci="5" mb="0" cb="0"/><line nr="112" mi="0" ci="1" mb="0" cb="0"/><line nr="115" mi="0" ci="5" mb="0" cb="2"/><line nr="116" mi="0" ci="10" mb="0" cb="2"/><line nr="118" mi="0" ci="8" mb="0" cb="2"/><line nr="122" mi="0" ci="9" mb="0" cb="2"/><line nr="123" mi="0" ci="3" mb="0" cb="2"/><line nr="124" mi="0" ci="15" mb="0" cb="4"/><line nr="126" mi="0" ci="13" mb="0" cb="4"/><line nr="131" mi="0" ci="3" mb="0" cb="0"/><line nr="132" mi="0" ci="6" mb="0" cb="0"/><line nr="133" mi="0" ci="6" mb="0" cb="0"/><line nr="134" mi="0" ci="2" mb="0" cb="0"/><line nr="135" mi="0" ci="2" mb="0" cb="0"/><line nr="136" mi="0" ci="3" mb="0" cb="0"/><line nr="137" mi="0" ci="3" mb="1" cb="1"/><line nr="138" mi="0" ci="6" mb="0" cb="0"/><line nr="139" mi="0" ci="5" mb="0" cb="2"/><line nr="140" mi="0" ci="6" mb="0" cb="0"/><line nr="141" mi="0" ci="5" mb="0" cb="2"/><line nr="142" mi="0" ci="6" mb="0" cb="0"/><line nr="143" mi="0" ci="12" mb="0" cb="4"/><line nr="144" mi="0" ci="13" mb="0" cb="0"/><line nr="145" mi="0" ci="5" mb="0" cb="2"/><line nr="146" mi="0" ci="5" mb="0" cb="0"/><line nr="147" mi="0" ci="3" mb="0" cb="0"/><line nr="149" mi="0" ci="2" mb="0" cb="0"/><line nr="150" mi="0" ci="1" mb="0" cb="0"/><line nr="153" mi="0" ci="2" mb="0" cb="0"/><line nr="154" mi="0" ci="5" mb="0" cb="2"/><line nr="155" mi="0" ci="5" mb="0" cb="0"/><line nr="156" mi="0" ci="12" mb="0" cb="4"/><line nr="157" mi="0" ci="12" mb="0" cb="0"/><line nr="158" mi="0" ci="3" mb="0" cb="0"/><line nr="159" mi="0" ci="7" mb="0" cb="4"/><line nr="160" mi="0" ci="5" mb="0" cb="0"/><line nr="161" mi="0" ci="2" mb="0" cb="0"/><line nr="162" mi="0" ci="3" mb="0" cb="0"/><line nr="163" mi="0" ci="7" mb="0" cb="4"/><line nr="164" mi="0" ci="2" mb="0" cb="0"/><line nr="169" mi="0" ci="2" mb="0" cb="2"/><line nr="170" mi="0" ci="1" mb="0" cb="0"/><line nr="173" mi="0" ci="8" mb="0" cb="0"/><line nr="174" mi="0" ci="3" mb="0" cb="0"/><line nr="175" mi="0" ci="1" mb="0" cb="0"/><line nr="176" mi="0" ci="2" mb="0" cb="0"/><line nr="177" mi="0" ci="1" mb="0" cb="0"/><line nr="178" mi="0" ci="1" mb="0" cb="0"/><line nr="182" mi="0" ci="2" mb="0" cb="0"/><counter type="INSTRUCTION" missed="7" covered="481"/><counter type="BRANCH" missed="3" covered="83"/><counter type="LINE" missed="1" covered="94"/><counter type="COMPLEXITY" missed="3" covered="46"/><counter type="METHOD" missed="0" covered="6"/><counter type="CLASS" missed="0" covered="1"/></sourcefile><sourcefile name="MoneyFormatException.java"><line nr="36" mi="0" ci="3" mb="0" cb="0"/><line nr="37" mi="0" ci="1" mb="0" cb="0"/><line nr="46" mi="0" ci="4" mb="0" cb="0"/><line nr="47" mi="0" ci="1" mb="0" cb="0"/><line nr="69" mi="0" ci="4" mb="0" cb="2"/><line nr="70" mi="0" ci="4" mb="0" cb="0"/><line nr="72" mi="0" ci="1" mb="0" cb="0"/><counter type="INSTRUCTION" missed="0" covered="18"/><counter type="BRANCH" missed="0" covered="2"/><counter type="LINE" missed="0" covered="7"/><counter type="COMPLEXITY" missed="0" covered="4"/><counter type="METHOD" missed="0" covered="3"/><counter type="CLASS" missed="0" covered="1"/></sourcefile><counter type="INSTRUCTION" missed="51" covered="2592"/><counter type="BRANCH" missed="18" covered="300"/><counter type="LINE" missed="7" covered="524"/><counter type="COMPLEXITY" missed="18" covered="267"/><counter type="METHOD" missed="1" covered="125"/><counter type="CLASS" missed="0" covered="16"/></package><package name="org/joda/money"><class name="org/joda/money/Money" sourcefilename="Money.java"><method name="of" desc="(Lorg/joda/money/CurrencyUnit;Ljava/math/BigDecimal;)Lorg/joda/money/Money;" line="71"><counter type="INSTRUCTION" missed="0" covered="25"/><counter type="BRANCH" missed="0" covered="2"/><counter type="LINE" missed="0" covered="5"/><counter type="COMPLEXITY" missed="0" covered="2"/><counter type="METHOD" missed="0" covered="1"/></method><method name="of" desc="(Lorg/joda/money/CurrencyUnit;Ljava/math/BigDecimal;Ljava/math/RoundingMode;)Lorg/joda/money/Money;" line="93"><counter type="INSTRUCTION" missed="0" covered="22"/><counter type="LINE" missed="0" covered="5"/><counter type="COMPLEXITY" missed="0" covered="1"/><counter type="METHOD" missed="0" covered="1"/></method><method name="of" desc="(Lorg/joda/money/CurrencyUnit;D)Lorg/joda/money/Money;" line="121"><counter type="INSTRUCTION" missed="0" covered="5"/><counter type="LINE" missed="0" covered="1"/><counter type="COMPLEXITY" missed="0" covered="1"/><counter type="METHOD" missed="0" covered="1"/></method><method name="of" desc="(Lorg/joda/money/CurrencyUnit;DLjava/math/RoundingMode;)Lorg/joda/money/Money;" line="145"><counter type="INSTRUCTION" missed="0" covered="6"/><counter type="LINE" missed="0" covered="1"/><counter type="COMPLEXITY" missed="0" covered="1"/><counter type="METHOD" missed="0" covered="1"/></method><method name="ofMajor" desc="(Lorg/joda/money/CurrencyUnit;J)Lorg/joda/money/Money;" line="162"><counter type="INSTRUCTION" missed="0" covered="6"/><counter type="LINE" missed="0" covered="1"/><counter type="COMPLEXITY" missed="0" covered="1"/><counter type="METHOD" missed="0" covered="1"/></method><method name="ofMinor" desc="(Lorg/joda/money/CurrencyUnit;J)Lorg/joda/money/Money;" line="179"><counter type="INSTRUCTION" missed="0" covered="7"/><counter type="LINE" missed="0" covered="1"/><counter type="COMPLEXITY" missed="0" covered="1"/><counter type="METHOD" missed="0" covered="1"/></method><method name="zero" desc="(Lorg/joda/money/CurrencyUnit;)Lorg/joda/money/Money;" line="192"><counter type="INSTRUCTION" missed="0" covered="15"/><counter type="LINE" missed="0" covered="3"/><counter type="COMPLEXITY" missed="0" covered="1"/><counter type="METHOD" missed="0" covered="1"/></method><method name="of" desc="(Lorg/joda/money/BigMoneyProvider;)Lorg/joda/money/Money;" line="211"><counter type="INSTRUCTION" missed="0" covered="4"/><counter type="LINE" missed="0" covered="1"/><counter type="COMPLEXITY" missed="0" covered="1"/><counter type="METHOD" missed="0" covered="1"/></method><method name="of" desc="(Lorg/joda/money/BigMoneyProvider;Ljava/math/RoundingMode;)Lorg/joda/money/Money;" line="227"><counter type="INSTRUCTION" missed="0" covered="14"/><counter type="LINE" missed="0" covered="3"/><counter type="COMPLEXITY" missed="0" covered="1"/><counter type="METHOD" missed="0" covered="1"/></method><method name="total" desc="([Lorg/joda/money/Money;)Lorg/joda/money/Money;" line="246"><counter type="INSTRUCTION" missed="0" covered="34"/><counter type="BRANCH" missed="0" covered="4"/><counter type="LINE" missed="0" covered="8"/><counter type="COMPLEXITY" missed="0" covered="3"/><counter type="METHOD" missed="0" covered="1"/></method><method name="total" desc="(Ljava/lang/Iterable;)Lorg/joda/money/Money;" line="271"><counter type="INSTRUCTION" missed="0" covered="33"/><counter type="BRANCH" missed="0" covered="4"/><counter type="LINE" missed="0" covered="9"/><counter type="COMPLEXITY" missed="0" covered="3"/><counter type="METHOD" missed="0" covered="1"/></method><method name="total" desc="(Lorg/joda/money/CurrencyUnit;[Lorg/joda/money/Money;)Lorg/joda/money/Money;" line="298"><counter type="INSTRUCTION" missed="0" covered="6"/><counter type="LINE" missed="0" covered="1"/><counter type="COMPLEXITY" missed="0" covered="1"/><counter type="METHOD" missed="0" covered="1"/></method><method name="total" desc="(Lorg/joda/money/CurrencyUnit;Ljava/lang/Iterable;)Lorg/joda/money/Money;" line="315"><counter type="INSTRUCTION" missed="0" covered="5"/><counter type="LINE" missed="0" covered="1"/><counter type="COMPLEXITY" missed="0" covered="1"/><counter type="METHOD" missed="0" covered="1"/></method><method name="parse" desc="(Ljava/lang/String;)Lorg/joda/money/Money;" line="339"><counter type="INSTRUCTION" missed="0" covered="4"/><counter type="LINE" missed="0" covered="1"/><counter type="COMPLEXITY" missed="0" covered="1"/><counter type="METHOD" missed="0" covered="1"/></method><method name="&lt;init&gt;" desc="()V" line="347"><counter type="INSTRUCTION" missed="6" covered="0"/><counter type="LINE" missed="3" covered="0"/><counter type="COMPLEXITY" missed="1" covered="0"/><counter type="METHOD" missed="1" covered="0"/></method><method name="&lt;init&gt;" desc="(Lorg/joda/money/BigMoney;)V" line="356"><counter type="INSTRUCTION" missed="0" covered="23"/><counter type="BRANCH" missed="0" covered="4"/><counter type="LINE" missed="0" covered="5"/><counter type="COMPLEXITY" missed="0" covered="3"/><counter type="METHOD" missed="0" covered="1"/></method><method name="readObject" desc="(Ljava/io/ObjectInputStream;)V" line="369"><counter type="INSTRUCTION" missed="5" covered="0"/><counter type="LINE" missed="1" covered="0"/><counter type="COMPLEXITY" missed="1" covered="0"/><counter type="METHOD" missed="1" covered="0"/></method><method name="writeReplace" desc="()Ljava/lang/Object;" line="378"><counter type="INSTRUCTION" missed="0" covered="6"/><counter type="LINE" missed="0" covered="1"/><counter type="COMPLEXITY" missed="0" covered="1"/><counter type="METHOD" missed="0" covered="1"/></method><method name="with" desc="(Lorg/joda/money/BigMoney;)Lorg/joda/money/Money;" line="391"><counter type="INSTRUCTION" missed="0" covered="12"/><counter type="BRANCH" missed="0" covered="2"/><counter type="LINE" missed="0" covered="3"/><counter type="COMPLEXITY" missed="0" covered="2"/><counter type="METHOD" missed="0" covered="1"/></method><method name="getCurrencyUnit" desc="()Lorg/joda/money/CurrencyUnit;" line="404"><counter type="INSTRUCTION" missed="0" covered="4"/><counter type="LINE" missed="0" covered="1"/><counter type="COMPLEXITY" missed="0" covered="1"/><counter type="METHOD" missed="0" covered="1"/></method><method name="withCurrencyUnit" desc="(Lorg/joda/money/CurrencyUnit;)Lorg/joda/money/Money;" line="423"><counter type="INSTRUCTION" missed="0" covered="5"/><counter type="LINE" missed="0" covered="1"/><counter type="COMPLEXITY" missed="0" covered="1"/><counter type="METHOD" missed="0" covered="1"/></method><method name="withCurrencyUnit" desc="(Lorg/joda/money/CurrencyUnit;Ljava/math/RoundingMode;)Lorg/joda/money/Money;" line="441"><counter type="INSTRUCTION" missed="0" covered="9"/><counter type="LINE" missed="0" covered="1"/><counte
[...]
b="0" cb="0"/><line nr="552" mi="0" ci="8" mb="0" cb="2"/><line nr="561" mi="0" ci="7" mb="0" cb="2"/><line nr="577" mi="0" ci="5" mb="0" cb="2"/><line nr="578" mi="0" ci="3" mb="0" cb="0"/><line nr="581" mi="0" ci="5" mb="0" cb="0"/><line nr="582" mi="1" ci="0" mb="0" cb="0"/><line nr="583" mi="3" ci="0" mb="0" cb="0"/><line nr="599" mi="0" ci="3" mb="0" cb="0"/><line nr="601" mi="0" ci="5" mb="0" cb="2"/><line nr="602" mi="0" ci="3" mb="0" cb="0"/><line nr="605" mi="0" ci="6" mb="0" cb="0"/><line nr="606" mi="1" ci="0" mb="0" cb="0"/><line nr="607" mi="3" ci="0" mb="0" cb="0"/><line nr="621" mi="0" ci="4" mb="0" cb="0"/><line nr="633" mi="0" ci="6" mb="0" cb="0"/><line nr="646" mi="0" ci="3" mb="0" cb="2"/><line nr="647" mi="0" ci="2" mb="0" cb="0"/><line nr="649" mi="0" ci="3" mb="0" cb="2"/><line nr="650" mi="0" ci="7" mb="0" cb="0"/><line nr="652" mi="0" ci="2" mb="0" cb="0"/><line nr="662" mi="0" ci="4" mb="0" cb="0"/><line nr="674" mi="0" ci="3" mb="0" cb="0"/><counter type="INSTRUCTION" missed="61" covered="528"/><counter type="BRANCH" missed="3" covered="61"/><counter type="LINE" missed="19" covered="123"/><counter type="COMPLEXITY" missed="4" covered="58"/><counter type="METHOD" missed="1" covered="28"/><counter type="CLASS" missed="0" covered="1"/></sourcefile><sourcefile name="BigMoney.java"><line nr="54" mi="0" ci="4" mb="0" cb="0"/><line nr="79" mi="0" ci="3" mb="0" cb="0"/><line nr="80" mi="0" ci="3" mb="0" cb="0"/><line nr="81" mi="0" ci="2" mb="0" cb="0"/><line nr="82" mi="0" ci="4" mb="0" cb="2"/><line nr="83" mi="0" ci="3" mb="0" cb="0"/><line nr="84" mi="0" ci="2" mb="0" cb="2"/><line nr="85" mi="0" ci="5" mb="0" cb="0"/><line nr="87" mi="0" ci="4" mb="1" cb="1"/><line nr="88" mi="0" ci="6" mb="0" cb="0"/><line nr="90" mi="0" ci="7" mb="0" cb="0"/><line nr="92" mi="0" ci="6" mb="0" cb="0"/><line nr="113" mi="0" ci="3" mb="0" cb="0"/><line nr="115" mi="0" ci="4" mb="0" cb="2"/><line nr="116" mi="0" ci="3" mb="0" cb="0"/><line nr="118" mi="0" ci="6" mb="0" cb="0"/><line nr="137" mi="0" ci="6" mb="0" cb="0"/><line nr="157" mi="0" ci="3" mb="0" cb="0"/><line nr="158" mi="0" ci="3" mb="0" cb="0"/><line nr="159" mi="0" ci="3" mb="0" cb="0"/><line nr="160" mi="0" ci="5" mb="0" cb="0"/><line nr="161" mi="0" ci="4" mb="0" cb="0"/><line nr="179" mi="0" ci="3" mb="0" cb="0"/><line nr="180" mi="0" ci="6" mb="0" cb="0"/><line nr="199" mi="0" ci="3" mb="0" cb="0"/><line nr="200" mi="0" ci="5" mb="0" cb="0"/><line nr="219" mi="0" ci="3" mb="0" cb="0"/><line nr="220" mi="0" ci="7" mb="0" cb="0"/><line nr="234" mi="0" ci="4" mb="0" cb="0"/><line nr="248" mi="0" ci="6" mb="0" cb="0"/><line nr="263" mi="0" ci="3" mb="0" cb="0"/><line nr="264" mi="0" ci="3" mb="0" cb="0"/><line nr="265" mi="0" ci="3" mb="0" cb="0"/><line nr="266" mi="0" ci="2" mb="0" cb="0"/><line nr="283" mi="0" ci="3" mb="0" cb="0"/><line nr="284" mi="0" ci="3" mb="0" cb="2"/><line nr="285" mi="0" ci="5" mb="0" cb="0"/><line nr="287" mi="0" ci="5" mb="0" cb="0"/><line nr="288" mi="0" ci="3" mb="0" cb="0"/><line nr="289" mi="0" ci="8" mb="0" cb="2"/><line nr="290" mi="0" ci="7" mb="0" cb="0"/><line nr="292" mi="0" ci="2" mb="0" cb="0"/><line nr="308" mi="0" ci="3" mb="0" cb="0"/><line nr="309" mi="0" ci="3" mb="0" cb="0"/><line nr="310" mi="0" ci="3" mb="0" cb="2"/><line nr="311" mi="0" ci="5" mb="0" cb="0"/><line nr="313" mi="0" ci="5" mb="0" cb="0"/><line nr="314" mi="0" ci="3" mb="0" cb="0"/><line nr="315" mi="0" ci="3" mb="0" cb="2"/><line nr="316" mi="0" ci="7" mb="0" cb="0"/><line nr="318" mi="0" ci="2" mb="0" cb="0"/><line nr="335" mi="0" ci="6" mb="0" cb="0"/><line nr="352" mi="0" ci="5" mb="0" cb="0"/><line nr="376" mi="0" ci="3" mb="0" cb="0"/><line nr="377" mi="0" ci="4" mb="0" cb="2"/><line nr="378" mi="0" ci="6" mb="0" cb="0"/><line nr="380" mi="0" ci="5" mb="0" cb="0"/><line nr="381" mi="0" ci="2" mb="0" cb="0"/><line nr="382" mi="0" ci="9" mb="0" cb="4"/><line nr="383" mi="0" ci="2" mb="0" cb="0"/><line nr="385" mi="0" ci="4" mb="0" cb="0"/><line nr="386" mi="0" ci="5" mb="0" cb="2"/><line nr="387" mi="0" ci="6" mb="0" cb="0"/><line nr="389" mi="0" ci="8" mb="0" cb="0"/><line nr="397" mi="2" ci="0" mb="0" cb="0"/><line nr="398" mi="3" ci="0" mb="0" cb="0"/><line nr="399" mi="3" ci="0" mb="0" cb="0"/><line nr="400" mi="1" ci="0" mb="0" cb="0"/><line nr="408" mi="0" ci="2" mb="0" cb="0"/><line nr="409" mi="0" ci="8" mb="0" cb="2"/><line nr="410" mi="0" ci="8" mb="0" cb="2"/><line nr="411" mi="0" ci="3" mb="0" cb="0"/><line nr="412" mi="0" ci="10" mb="0" cb="2"/><line nr="413" mi="0" ci="1" mb="0" cb="0"/><line nr="422" mi="5" ci="0" mb="0" cb="0"/><line nr="431" mi="0" ci="6" mb="0" cb="0"/><line nr="444" mi="0" ci="4" mb="0" cb="2"/><line nr="445" mi="0" ci="2" mb="0" cb="0"/><line nr="447" mi="0" ci="7" mb="0" cb="0"/><line nr="457" mi="0" ci="3" mb="0" cb="0"/><line nr="473" mi="0" ci="3" mb="0" cb="0"/><line nr="474" mi="0" ci="4" mb="0" cb="2"/><line nr="475" mi="0" ci="2" mb="0" cb="0"/><line nr="477" mi="0" ci="7" mb="0" cb="0"/><line nr="494" mi="0" ci="4" mb="0" cb="0"/><line nr="506" mi="0" ci="11" mb="0" cb="2"/><line nr="527" mi="0" ci="5" mb="0" cb="0"/><line nr="547" mi="0" ci="3" mb="0" cb="0"/><line nr="548" mi="0" ci="5" mb="0" cb="2"/><line nr="549" mi="0" ci="2" mb="0" cb="0"/><line nr="551" mi="0" ci="9" mb="0" cb="0"/><line nr="570" mi="0" ci="7" mb="0" cb="0"/><line nr="587" mi="0" ci="7" mb="0" cb="0"/><line nr="600" mi="0" ci="3" mb="0" cb="0"/><line nr="617" mi="0" ci="6" mb="0" cb="0"/><line nr="631" mi="0" ci="4" mb="0" cb="0"/><line nr="645" mi="0" ci="4" mb="0" cb="0"/><line nr="662" mi="0" ci="4" mb="0" cb="0"/><line nr="663" mi="0" ci="8" mb="0" cb="0"/><line nr="677" mi="0" ci="4" mb="0" cb="0"/><line nr="691" mi="0" ci="4" mb="0" cb="0"/><line nr="707" mi="0" ci="4" mb="0" cb="0"/><line nr="708" mi="0" ci="7" mb="0" cb="0"/><line nr="709" mi="0" ci="2" mb="0" cb="0"/><line nr="710" mi="0" ci="2" mb="0" cb="0"/><line nr="720" mi="0" ci="9" mb="0" cb="2"/><line nr="729" mi="0" ci="9" mb="0" cb="2"/><line nr="738" mi="0" ci="9" mb="0" cb="2"/><line nr="747" mi="0" ci="9" mb="0" cb="2"/><line nr="756" mi="0" ci="9" mb="0" cb="2"/><line nr="772" mi="0" ci="3" mb="0" cb="0"/><line nr="773" mi="0" ci="5" mb="0" cb="2"/><line nr="774" mi="0" ci="2" mb="0" cb="0"/><line nr="776" mi="0" ci="5" mb="0" cb="0"/><line nr="798" mi="0" ci="5" mb="0" cb="0"/><line nr="809" mi="0" ci="3" mb="0" cb="0"/><line nr="810" mi="0" ci="4" mb="0" cb="2"/><line nr="811" mi="0" ci="8" mb="0" cb="0"/><line nr="813" mi="0" ci="2" mb="0" cb="0"/><line nr="831" mi="0" ci="3" mb="0" cb="0"/><line nr="832" mi="0" ci="10" mb="0" cb="2"/><line nr="833" mi="0" ci="4" mb="0" cb="0"/><line nr="834" mi="0" ci="5" mb="0" cb="0"/><line nr="835" mi="0" ci="1" mb="0" cb="0"/><line nr="836" mi="0" ci="4" mb="0" cb="0"/><line nr="857" mi="0" ci="4" mb="0" cb="0"/><line nr="858" mi="0" ci="5" mb="0" cb="0"/><line nr="876" mi="0" ci="3" mb="0" cb="0"/><line nr="877" mi="0" ci="4" mb="0" cb="2"/><line nr="878" mi="0" ci="2" mb="0" cb="0"/><line nr="880" mi="0" ci="5" mb="0" cb="0"/><line nr="881" mi="0" ci="5" mb="0" cb="0"/><line nr="905" mi="0" ci="4" mb="0" cb="2"/><line nr="906" mi="0" ci="2" mb="0" cb="0"/><line nr="908" mi="0" ci="6" mb="0" cb="0"/><line nr="909" mi="0" ci="5" mb="0" cb="0"/><line nr="928" mi="0" ci="4" mb="0" cb="2"/><line nr="929" mi="0" ci="2" mb="0" cb="0"/><line nr="931" mi="0" ci="6" mb="0" cb="0"/><line nr="932" mi="0" ci="5" mb="0" cb="0"/><line nr="951" mi="0" ci="4" mb="0" cb="2"/><line nr="952" mi="0" ci="2" mb="0" cb="0"/><line nr="954" mi="0" ci="9" mb="0" cb="0"/><line nr="955" mi="0" ci="5" mb="0" cb="0"/><line nr="973" mi="0" ci="4" mb="0" cb="0"/><line nr="974" mi="0" ci="6" mb="0" cb="0"/><line nr="991" mi="0" ci="3" mb="0" cb="0"/><line nr="992" mi="0" ci="4" mb="0" cb="2"/><line nr="993" mi="0" ci="2" mb="0" cb="0"/><line nr="995" mi="0" ci="5" mb="0" cb="0"/><line nr="996" mi="0" ci="6" mb="0" cb="0"/><line nr="997" mi="0" ci="5" mb="0" cb="0"/><line nr="1020" mi="0" ci="4" mb="0" cb="2"/><line nr="1021" mi="0" ci="2" mb="0" cb="0"/><line nr="1023" mi="0" ci="6" mb="0" cb="0"/><line nr="1024" mi="0" ci="6" mb="0" cb="0"/><line nr="1025" mi="0" ci="5" mb="0" cb="0"/><line nr="1043" mi="0" ci="3" mb="0" cb="0"/><line nr="1044" mi="0" ci="10" mb="0" cb="2"/><line nr="1045" mi="0" ci="4" mb="0" cb="0"/><line nr="1046" mi="0" ci="5" mb="0" cb="0"/><line nr="1047" mi="0" ci="1" mb="0" cb="0"/><line nr="1048" mi="0" ci="4" mb="0" cb="0"/><line nr="1069" mi="0" ci="4" mb="0" cb="0"/><line nr="1070" mi="0" ci="5" mb="0" cb="0"/><line nr="1088" mi="0" ci="3" mb="0" cb="0"/><line nr="1089" mi="0" ci="4" mb="0" cb="2"/><line nr="1090" mi="0" ci="2" mb="0" cb="0"/><line nr="1092" mi="0" ci="5" mb="0" cb="0"/><line nr="1093" mi="0" ci="5" mb="0" cb="0"/><line nr="1117" mi="0" ci="4" mb="0" cb="2"/><line nr="1118" mi="0" ci="2" mb="0" cb="0"/><line nr="1120" mi="0" ci="6" mb="0" cb="0"/><line nr="1121" mi="0" ci="5" mb="0" cb="0"/><line nr="1140" mi="0" ci="4" mb="0" cb="2"/><line nr="1141" mi="0" ci="2" mb="0" cb="0"/><line nr="1143" mi="0" ci="6" mb="0" cb="0"/><line nr="1144" mi="0" ci="5" mb="0" cb="0"/><line nr="1163" mi="0" ci="4" mb="0" cb="2"/><line nr="1164" mi="0" ci="2" mb="0" cb="0"/><line nr="1166" mi="0" ci="9" mb="0" cb="0"/><line nr="1167" mi="0" ci="5" mb="0" cb="0"/><line nr="1185" mi="0" ci="4" mb="0" cb="0"/><line nr="1186" mi="0" ci="6" mb="0" cb="0"/><line nr="1203" mi="0" ci="3" mb="0" cb="0"/><line nr="1204" mi="0" ci="4" mb="0" cb="2"/><line nr="1205" mi="0" ci="2" mb="0" cb="0"/><line nr="1207" mi="0" ci="5" mb="0" cb="0"/><line nr="1208" mi="0" ci="6" mb="0" cb="0"/><line nr="1209" mi="0" ci="5" mb="0" cb="0"/><line nr="1232" mi="0" ci="4" mb="0" cb="2"/><line nr="1233" mi="0" ci="2" mb="0" cb="0"/><line nr="1235" mi="0" ci="6" mb="0" cb="0"/><line nr="1236" mi="0" ci="6" mb="0" cb="0"/><line nr="1237" mi="0" ci="5" mb="0" cb="0"/><line nr="1254" mi="0" ci="3" mb="0" cb="0"/><line nr="1255" mi="0" ci="4" mb="0" cb="2"/><line nr="1256" mi="0" ci="2" mb="0" cb="0"/><line nr="1258" mi="0" ci="5" mb="0" cb="0"/><line nr="1259" mi="0" ci="5" mb="0" cb="0"/><line nr="1281" mi="0" ci="4" mb="0" cb="2"/><line nr="1282" mi="0" ci="2" mb="0" cb="0"/><line nr="1284" mi="0" ci="6" mb="0" cb="0"/><line nr="1285" mi="0" ci="5" mb="0" cb="0"/><line nr="1301" mi="0" ci="4" mb="0" cb="2"/><line nr="1302" mi="0" ci="2" mb="0" cb="0"/><line nr="1304" mi="0" ci="6" mb="0" cb="0"/><line nr="1305" mi="0" ci="5" mb="0" cb="0"/><line nr="1325" mi="0" ci="3" mb="0" cb="0"/><line nr="1326" mi="0" ci="3" mb="0" cb="0"/><line nr="1327" mi="0" ci="4" mb="0" cb="2"/><line nr="1328" mi="0" ci="2" mb="0" cb="0"/><line nr="1330" mi="0" ci="5" mb="0" cb="0"/><line nr="1331" mi="0" ci="6" mb="0" cb="0"/><line nr="1332" mi="0" ci="5" mb="0" cb="0"/><line nr="1357" mi="0" ci="6" mb="0" cb="0"/><line nr="1378" mi="0" ci="3" mb="0" cb="0"/><line nr="1379" mi="0" ci="3" mb="0" cb="0"/><line nr="1380" mi="0" ci="4" mb="0" cb="2"/><line nr="1381" mi="0" ci="2" mb="0" cb="0"/><line nr="1383" mi="0" ci="6" mb="0" cb="0"/><line nr="1384" mi="0" ci="5" mb="0" cb="0"/><line nr="1410" mi="0" ci="3" mb="0" cb="0"/><line nr="1411" mi="0" ci="4" mb="0" cb="2"/><line nr="1412" mi="0" ci="2" mb="0" cb="0"/><line nr="1414" mi="0" ci="7" mb="0" cb="0"/><line nr="1415" mi="0" ci="5" mb="0" cb="0"/><line nr="1434" mi="0" ci="4" mb="0" cb="2"/><line nr="1435" mi="0" ci="2" mb="0" cb="0"/><line nr="1437" mi="0" ci="7" mb="0" cb="0"/><line nr="1438" mi="0" ci="5" mb="0" cb="0"/><line nr="1450" mi="0" ci="3" mb="0" cb="2"/><line nr="1451" mi="0" ci="2" mb="0" cb="0"/><line nr="1453" mi="0" ci="7" mb="0" cb="0"/><line nr="1464" mi="0" ci="8" mb="0" cb="2"/><line nr="1490" mi="0" ci="3" mb="0" cb="0"/><line nr="1491" mi="0" ci="4" mb="0" cb="2"/><line nr="1492" mi="0" ci="2" mb="0" cb="0"/><line nr="1494" mi="0" ci="4" mb="0" cb="0"/><line nr="1495" mi="0" ci="8" mb="0" cb="0"/><line nr="1496" mi="0" ci="5" mb="0" cb="0"/><line nr="1517" mi="0" ci="3" mb="0" cb="0"/><line nr="1518" mi="0" ci="3" mb="0" cb="0"/><line nr="1519" mi="0" ci="4" mb="0" cb="2"/><line nr="1520" mi="0" ci="4" mb="0" cb="2"/><line nr="1521" mi="0" ci="2" mb="0" cb="0"/><line nr="1523" mi="0" ci="5" mb="0" cb="0"/><line nr="1525" mi="0" ci="4" mb="0" cb="2"/><line nr="1526" mi="0" ci="5" mb="0" cb="0"/><line nr="1528" mi="0" ci="5" mb="0" cb="0"/><line nr="1529" mi="0" ci="4" mb="0" cb="0"/><line nr="1551" mi="0" ci="9" mb="0" cb="0"/><line nr="1563" mi="0" ci="2" mb="0" cb="0"/><line nr="1574" mi="0" ci="3" mb="0" cb="0"/><line nr="1585" mi="0" ci="4" mb="0" cb="0"/><line nr="1596" mi="0" ci="7" mb="0" cb="0"/><line nr="1610" mi="0" ci="3" mb="0" cb="0"/><line nr="1611" mi="0" ci="6" mb="0" cb="2"/><line nr="1612" mi="0" ci="8" mb="0" cb="0"/><line nr="1614" mi="0" ci="6" mb="0" cb="0"/><line nr="1631" mi="0" ci="8" mb="0" cb="2"/><line nr="1643" mi="0" ci="8" mb="0" cb="2"/><line nr="1655" mi="0" ci="8" mb="0" cb="2"/><line nr="1667" mi="0" ci="8" mb="0" cb="2"/><line nr="1679" mi="0" ci="8" mb="0" cb="2"/><line nr="1697" mi="0" ci="3" mb="0" cb="2"/><line nr="1698" mi="0" ci="2" mb="0" cb="0"/><line nr="1700" mi="0" ci="6" mb="0" cb="2"/><line nr="1701" mi="0" ci="11" mb="0" cb="2"/><line nr="1702" mi="0" ci="5" mb="0" cb="2"/><line nr="1704" mi="0" ci="2" mb="0" cb="0"/><line nr="1714" mi="0" ci="8" mb="0" cb="0"/><line nr="1729" mi="0" ci="6" mb="0" cb="0"/><line nr="1730" mi="0" ci="3" mb="0" cb="0"/><line nr="1731" mi="0" ci="3" mb="0" cb="0"/><line nr="1732" mi="0" ci="2" mb="0" cb="0"/><line nr="1733" mi="0" ci="1" mb="0" cb="0"/><counter type="INSTRUCTION" missed="14" covered="1237"/><counter type="BRANCH" missed="1" covered="125"/><counter type="LINE" missed="5" covered="272"/><counter type="COMPLEXITY" missed="3" covered="149"/><counter type="METHOD" missed="2" covered="87"/><counter type="CLASS" missed="0" covered="1"/></sourcefile><sourcefile name="DefaultCurrencyUnitDataProvider.java"><line nr="38" mi="0" ci="3" mb="0" cb="0"/><line nr="41" mi="0" ci="3" mb="0" cb="0"/><line nr="43" mi="0" ci="4" mb="0" cb="0"/><line nr="52" mi="0" ci="5" mb="0" cb="0"/><line nr="53" mi="0" ci="5" mb="0" cb="0"/><line nr="54" mi="0" ci="5" mb="0" cb="0"/><line nr="55" mi="0" ci="5" mb="0" cb="0"/><line nr="56" mi="0" ci="1" mb="0" cb="0"/><line nr="60" mi="0" ci="5" mb="0" cb="0"/><line nr="61" mi="0" ci="2" mb="1" cb="1"/><line nr="62" mi="6" ci="0" mb="0" cb="0"/><line nr="64" mi="0" ci="9" mb="0" cb="0"/><line nr="66" mi="0" ci="4" mb="0" cb="0"/><line nr="67" mi="0" ci="5" mb="0" cb="2"/><line nr="68" mi="0" ci="5" mb="0" cb="0"/><line nr="70" mi="0" ci="4" mb="0" cb="0"/><line nr="77" mi="0" ci="4" mb="0" cb="0"/><line nr="78" mi="0" ci="6" mb="0" cb="0"/><line nr="79" mi="0" ci="3" mb="0" cb="2"/><line nr="80" mi="0" ci="4" mb="0" cb="0"/><line nr="81" mi="0" ci="3" mb="0" cb="0"/><line nr="82" mi="0" ci="9" mb="0" cb="0"/><line nr="84" mi="0" ci="5" mb="0" cb="2"/><line nr="85" mi="0" ci="5" mb="0" cb="0"/><line nr="89" mi="0" ci="1" mb="0" cb="0"/><line nr="90" mi="0" ci="2" mb="0" cb="0"/><line nr="95" mi="0" ci="10" mb="0" cb="2"/><line nr="96" mi="0" ci="4" mb="0" cb="0"/><line nr="97" mi="0" ci="3" mb="0" cb="2"/><line nr="98" mi="0" ci="4" mb="0" cb="0"/><line nr="99" mi="0" ci="5" mb="0" cb="0"/><line nr="100" mi="0" ci="5" mb="0" cb="0"/><line nr="101" mi="0" ci="5" mb="0" cb="0"/><line nr="103" mi="0" ci="1" mb="0" cb="0"/><line nr="104" mi="0" ci="1" mb="0" cb="0"/><line nr="108" mi="0" ci="10" mb="0" cb="2"/><line nr="109" mi="0" ci="4" mb="0" cb="0"/><line nr="110" mi="0" ci="3" mb="0" cb="2"/><line nr="111" mi="0" ci="4" mb="0" cb="0"/><line nr="112" mi="0" ci="4" mb="0" cb="0"/><line nr="113" mi="0" ci="4" mb="0" cb="0"/><line nr="115" mi="0" ci="1" mb="0" cb="0"/><line nr="116" mi="0" ci="1" mb="0" cb="0"/><counter type="INSTRUCTION" missed="6" covered="176"/><counter type="BRANCH" missed="1" covered="15"/><counter type="LINE" missed="1" covered="42"/><counter type="COMPLEXITY" missed="1" covered="14"/><counter type="METHOD" missed="0" covered="7"/><counter type="CLASS" missed="0" covered="1"/></sourcefile><sourcefile name="Ser.java"><line nr="50" mi="0" ci="2" mb="0" cb="0"/><line nr="51" mi="0" ci="1" mb="0" cb="0"/><line nr="59" mi="0" ci="2" mb="0" cb="0"/><line nr="60" mi="0" ci="3" mb="0" cb="0"/><line nr="61" mi="0" ci="3" mb="0" cb="0"/><line nr="62" mi="0" ci="1" mb="0" cb="0"/><line nr="74" mi="0" ci="4" mb="0" cb="0"/><line nr="75" mi="0" ci="3" mb="1" cb="3"/><line nr="77" mi="0" ci="4" mb="0" cb="0"/><line nr="78" mi="0" ci="4" mb="0" cb="0"/><line nr="79" mi="0" ci="1" mb="0" cb="0"/><line nr="81" mi="0" ci="4" mb="0" cb="0"/><line nr="82" mi="0" ci="5" mb="0" cb="0"/><line nr="83" mi="0" ci="1" mb="0" cb="0"/><line nr="85" mi="0" ci="4" mb="0" cb="0"/><line nr="86" mi="0" ci="4" mb="0" cb="0"/><line nr="87" mi="0" ci="1" mb="0" cb="0"/><line nr="88" mi="5" ci="0" mb="0" cb="0"/><line nr="90" mi="0" ci="1" mb="0" cb="0"/><line nr="93" mi="0" ci="5" mb="0" cb="0"/><line nr="94" mi="0" ci="5" mb="0" cb="0"/><line nr="95" mi="0" ci="4" mb="0" cb="0"/><line nr="96" mi="0" ci="3" mb="0" cb="0"/><line nr="97" mi="0" ci="4" mb="0" cb="0"/><line nr="98" mi="0" ci="1" mb="0" cb="0"/><line nr="101" mi="0" ci="4" mb="0" cb="0"/><line nr="102" mi="0" ci="4" mb="0" cb="0"/><line nr="103" mi="0" ci="4" mb="0" cb="0"/><line nr="104" mi="0" ci="1" mb="0" cb="0"/><line nr="114" mi="0" ci="4" mb="0" cb="0"/><line nr="115" mi="0" ci="3" mb="1" cb="3"/><line nr="117" mi="0" ci="5" mb="0" cb="0"/><line nr="118" mi="0" ci="1" mb="0" cb="0"/><line nr="120" mi="0" ci="8" mb="0" cb="0"/><line nr="121" mi="0" ci="1" mb="0" cb="0"/><line nr="123" mi="0" ci="5" mb="0" cb="0"/><line nr="124" mi="0" ci="1" mb="0" cb="0"/><line nr="125" mi="5" ci="0" mb="0" cb="0"/><line nr="127" mi="0" ci="1" mb="0" cb="0"/><line nr="130" mi="0" ci="4" mb="0" cb="0"/><line nr="131" mi="0" ci="4" mb="0" cb="0"/><line nr="132" mi="0" ci="3" mb="0" cb="0"/><line nr="133" mi="0" ci="10" mb="0" cb="0"/><line nr="134" mi="0" ci="6" mb="0" cb="0"/><line nr="135" mi="0" ci="2" mb="0" cb="0"/><line nr="139" mi="0" ci="3" mb="0" cb="0"/><line nr="140" mi="0" ci="3" mb="0" cb="0"/><line nr="141" mi="0" ci="5" mb="0" cb="2"/><line nr="142" mi="0" ci="6" mb="0" cb="0"/><line nr="144" mi="0" ci="5" mb="0" cb="2"/><line nr="145" mi="0" ci="6" mb="0" cb="0"/><line nr="147" mi="0" ci="2" mb="0" cb="0"/><line nr="156" mi="0" ci="3" mb="0" cb="0"/><counter type="INSTRUCTION" missed="10" covered="174"/><counter type="BRANCH" missed="2" covered="10"/><counter type="LINE" missed="2" covered="51"/><counter type="COMPLEXITY" missed="2" covered="15"/><counter type="METHOD" missed="0" covered="9"/><counter type="CLASS" missed="0" covered="1"/></sourcefile><sourcefile name="CurrencyUnitDataProvider.java"><line nr="21" mi="0" ci="3" mb="0" cb="0"/><line nr="42" mi="0" ci="6" mb="0" cb="0"/><line nr="43" mi="0" ci="1" mb="0" cb="0"/><line nr="55" mi="0" ci="4" mb="0" cb="0"/><line nr="56" mi="0" ci="1" mb="0" cb="0"/><counter type="INSTRUCTION" missed="0" covered="15"/><counter type="LINE" missed="0" covered="5"/><counter type="COMPLEXITY" missed="0" covered="3"/><counter type="METHOD" missed="0" covered="3"/><counter type="CLASS" missed="0" covered="1"/></sourcefile><sourcefile name="BigMoneyProvider.java"/><counter type="INSTRUCTION" missed="102" covered="2918"/><counter type="BRANCH" missed="7" covered="299"/><counter type="LINE" missed="31" covered="664"/><counter type="COMPLEXITY" missed="12" covered="377"/><counter type="METHOD" missed="5" covered="228"/><counter type="CLASS" missed="0" covered="9"/></package><counter type="INSTRUCTION" missed="153" covered="5510"/><counter type="BRANCH" missed="25" covered="599"/><counter type="LINE" missed="38" covered="1188"/><counter type="COMPLEXITY" missed="30" covered="644"/><counter type="METHOD" missed="6" covered="353"/><counter type="CLASS" missed="0" covered="25"/></report>